{"meta": {"format": 3, "version": "7.11.3", "timestamp": "2025-11-14T20:31:34.951514", "branch_coverage": false, "show_contexts": false}, "files": {"app/__init__.py": {"executed_lines": [0], "summary": {"covered_lines": 0, "num_statements": 0, "percent_covered": 100.0, "percent_covered_display": "100", "missing_lines": 0, "excluded_lines": 0}, "missing_lines": [], "excluded_lines": [], "functions": {"": {"executed_lines": [], "summary": {"covered_lines": 0, "num_statements": 0, "percent_covered": 100.0, "percent_covered_display": "100", "missing_lines": 0, "excluded_lines": 0}, "missing_lines": [], "excluded_lines": []}}, "classes": {"": {"executed_lines": [], "summary": {"covered_lines": 0, "num_statements": 0, "percent_covered": 100.0, "percent_covered_display": "100", "missing_lines": 0, "excluded_lines": 0}, "missing_lines": [], "excluded_lines": []}}}, "app/api/__init__.py": {"executed_lines": [0], "summary": {"covered_lines": 0, "num_statements": 0, "percent_covered": 100.0, "percent_covered_display": "100", "missing_lines": 0, "excluded_lines": 0}, "missing_lines": [], "excluded_lines": [], "functions": {"": {"executed_lines": [], "summary": {"covered_lines": 0, "num_statements": 0, "percent_covered": 100.0, "percent_covered_display": "100", "missing_lines": 0, "excluded_lines": 0}, "missing_lines": [], "excluded_lines": []}}, "classes": {"": {"executed_lines": [], "summary": {"covered_lines": 0, "num_statements": 0, "percent_covered": 100.0, "percent_covered_display": "100", "missing_lines": 0, "excluded_lines": 0}, "missing_lines": [], "excluded_lines": []}}}, "app/api/dependencies.py": {"executed_lines": [], "summary": {"covered_lines": 0, "num_statements": 12, "percent_covered": 0.0, "percent_covered_display": "0", "missing_lines": 12, "excluded_lines": 0}, "missing_lines": [3, 5, 6, 8, 9, 10, 11, 14, 35, 39, 40, 42], "excluded_lines": [], "functions": {"get_user_project": {"executed_lines": [], "summary": {"covered_lines": 0, "num_statements": 4, "percent_covered": 0.0, "percent_covered_display": "0", "missing_lines": 4, "excluded_lines": 0}, "missing_lines": [35, 39, 40, 42], "excluded_lines": []}, "": {"executed_lines": [], "summary": {"covered_lines": 0, "num_statements": 8, "percent_covered": 0.0, "percent_covered_display": "0", "missing_lines": 8, "excluded_lines": 0}, "missing_lines": [3, 5, 6, 8, 9, 10, 11, 14], "excluded_lines": []}}, "classes": {"": {"executed_lines": [], "summary": {"covered_lines": 0, "num_statements": 12, "percent_covered": 0.0, "percent_covered_display": "0", "missing_lines": 12, "excluded_lines": 0}, "missing_lines": [3, 5, 6, 8, 9, 10, 11, 14, 35, 39, 40, 42], "excluded_lines": []}}}, "app/api/routes/__init__.py": {"executed_lines": [0], "summary": {"covered_lines": 0, "num_statements": 0, "percent_covered": 100.0, "percent_covered_display": "100", "missing_lines": 0, "excluded_lines": 0}, "missing_lines": [], "excluded_lines": [], "functions": {"": {"executed_lines": [], "summary": {"covered_lines": 0, "num_statements": 0, "percent_covered": 100.0, "percent_covered_display": "100", "missing_lines": 0, "excluded_lines": 0}, "missing_lines": [], "excluded_lines": []}}, "classes": {"": {"executed_lines": [], "summary": {"covered_lines": 0, "num_statements": 0, "percent_covered": 100.0, "percent_covered_display": "100", "missing_lines": 0, "excluded_lines": 0}, "missing_lines": [], "excluded_lines": []}}}, "app/api/routes/analyze.py": {"executed_lines": [1, 2, 4, 5, 7, 8, 9, 10, 11, 12, 14, 16, 19, 20], "summary": {"covered_lines": 14, "num_statements": 28, "percent_covered": 50.0, "percent_covered_display": "50", "missing_lines": 14, "excluded_lines": 0}, "missing_lines": [39, 40, 42, 44, 45, 46, 48, 51, 54, 55, 59, 64, 73, 74], "excluded_lines": [], "functions": {"analyze_data": {"executed_lines": [], "summary": {"covered_lines": 0, "num_statements": 14, "percent_covered": 0.0, "percent_covered_display": "0", "missing_lines": 14, "excluded_lines": 0}, "missing_lines": [39, 40, 42, 44, 45, 46, 48, 51, 54, 55, 59, 64, 73, 74], "excluded_lines": []}, "": {"executed_lines": [1, 2, 4, 5, 7, 8, 9, 10, 11, 12, 14, 16, 19, 20], "summary": {"covered_lines": 14, "num_statements": 14, "percent_covered": 100.0, "percent_covered_display": "100", "missing_lines": 0, "excluded_lines": 0}, "missing_lines": [], "excluded_lines": []}}, "classes": {"": {"executed_lines": [1, 2, 4, 5, 7, 8, 9, 10, 11, 12, 14, 16, 19, 20], "summary": {"covered_lines": 14, "num_statements": 28, "percent_covered": 50.0, "percent_covered_display": "50", "missing_lines": 14, "excluded_lines": 0}, "missing_lines": [39, 40, 42, 44, 45, 46, 48, 51, 54, 55, 59, 64, 73, 74], "excluded_lines": []}}}, "app/api/routes/auth.py": {"executed_lines": [1, 4, 6, 7, 9, 10, 11, 12, 13, 14, 16, 19, 20, 79, 80, 132, 133, 148, 149, 186, 187], "summary": {"covered_lines": 20, "num_statements": 52, "percent_covered": 38.46153846153846, "percent_covered_display": "38", "missing_lines": 32, "excluded_lines": 0}, "missing_lines": [38, 40, 49, 52, 53, 54, 57, 66, 70, 71, 72, 73, 98, 102, 103, 110, 113, 114, 115, 118, 127, 145, 168, 169, 170, 174, 175, 177, 178, 181, 183, 189], "excluded_lines": [], "functions": {"register": {"executed_lines": [], "summary": {"covered_lines": 0, "num_statements": 12, "percent_covered": 0.0, "percent_covered_display": "0", "missing_lines": 12, "excluded_lines": 0}, "missing_lines": [38, 40, 49, 52, 53, 54, 57, 66, 70, 71, 72, 73], "excluded_lines": []}, "login": {"executed_lines": [], "summary": {"covered_lines": 0, "num_statements": 9, "percent_covered": 0.0, "percent_covered_display": "0", "missing_lines": 9, "excluded_lines": 0}, "missing_lines": [98, 102, 103, 110, 113, 114, 115, 118, 127], "excluded_lines": []}, "get_me": {"executed_lines": [], "summary": {"covered_lines": 0, "num_statements": 1, "percent_covered": 0.0, "percent_covered_display": "0", "missing_lines": 1, "excluded_lines": 0}, "missing_lines": [145], "excluded_lines": []}, "logout": {"executed_lines": [], "summary": {"covered_lines": 0, "num_statements": 9, "percent_covered": 0.0, "percent_covered_display": "0", "missing_lines": 9, "excluded_lines": 0}, "missing_lines": [168, 169, 170, 174, 175, 177, 178, 181, 183], "excluded_lines": []}, "health_check": {"executed_lines": [], "summary": {"covered_lines": 0, "num_statements": 1, "percent_covered": 0.0, "percent_covered_display": "0", "missing_lines": 1, "excluded_lines": 0}, "missing_lines": [189], "excluded_lines": []}, "": {"executed_lines": [1, 4, 6, 7, 9, 10, 11, 12, 13, 14, 16, 19, 20, 79, 80, 132, 133, 148, 149, 186, 187], "summary": {"covered_lines": 20, "num_statements": 20, "percent_covered": 100.0, "percent_covered_display": "100", "missing_lines": 0, "excluded_lines": 0}, "missing_lines": [], "excluded_lines": []}}, "classes": {"": {"executed_lines": [1, 4, 6, 7, 9, 10, 11, 12, 13, 14, 16, 19, 20, 79, 80, 132, 133, 148, 149, 186, 187], "summary": {"covered_lines": 20, "num_statements": 52, "percent_covered": 38.46153846153846, "percent_covered_display": "38", "missing_lines": 32, "excluded_lines": 0}, "missing_lines": [38, 40, 49, 52, 53, 54, 57, 66, 70, 71, 72, 73, 98, 102, 103, 110, 113, 114, 115, 118, 127, 145, 168, 169, 170, 174, 175, 177, 178, 181, 183, 189], "excluded_lines": []}}}, "app/api/routes/compare.py": {"executed_lines": [1, 6, 7, 9, 10, 12, 13, 14, 15, 16, 17, 18, 20, 23, 24], "summary": {"covered_lines": 14, "num_statements": 46, "percent_covered": 30.434782608695652, "percent_covered_display": "30", "missing_lines": 32, "excluded_lines": 0}, "missing_lines": [47, 49, 55, 56, 61, 67, 73, 74, 80, 82, 83, 86, 90, 91, 97, 100, 101, 109, 110, 111, 114, 117, 123, 131, 132, 133, 135, 145, 146, 147, 148, 149], "excluded_lines": [], "functions": {"compare_files": {"executed_lines": [], "summary": {"covered_lines": 0, "num_statements": 32, "percent_covered": 0.0, "percent_covered_display": "0", "missing_lines": 32, "excluded_lines": 0}, "missing_lines": [47, 49, 55, 56, 61, 67, 73, 74, 80, 82, 83, 86, 90, 91, 97, 100, 101, 109, 110, 111, 114, 117, 123, 131, 132, 133, 135, 145, 146, 147, 148, 149], "excluded_lines": []}, "": {"executed_lines": [1, 6, 7, 9, 10, 12, 13, 14, 15, 16, 17, 18, 20, 23, 24], "summary": {"covered_lines": 14, "num_statements": 14, "percent_covered": 100.0, "percent_covered_display": "100", "missing_lines": 0, "excluded_lines": 0}, "missing_lines": [], "excluded_lines": []}}, "classes": {"": {"executed_lines": [1, 6, 7, 9, 10, 12, 13, 14, 15, 16, 17, 18, 20, 23, 24], "summary": {"covered_lines": 14, "num_statements": 46, "percent_covered": 30.434782608695652, "percent_covered_display": "30", "missing_lines": 32, "excluded_lines": 0}, "missing_lines": [47, 49, 55, 56, 61, 67, 73, 74, 80, 82, 83, 86, 90, 91, 97, 100, 101, 109, 110, 111, 114, 117, 123, 131, 132, 133, 135, 145, 146, 147, 148, 149], "excluded_lines": []}}}, "app/api/routes/dashboards.py": {"executed_lines": [1, 5, 6, 8, 9, 11, 12, 13, 14, 22, 25, 30, 98, 99, 153, 154, 212, 213, 296, 297], "summary": {"covered_lines": 19, "num_statements": 98, "percent_covered": 19.387755102040817, "percent_covered_display": "19", "missing_lines": 79, "excluded_lines": 0}, "missing_lines": [53, 55, 61, 62, 67, 68, 69, 70, 75, 82, 83, 84, 86, 88, 89, 90, 91, 92, 118, 120, 126, 127, 132, 139, 144, 145, 146, 147, 175, 177, 183, 184, 189, 195, 196, 201, 203, 204, 205, 206, 238, 240, 246, 247, 252, 258, 259, 265, 266, 268, 270, 271, 272, 273, 276, 278, 279, 281, 282, 284, 286, 287, 288, 289, 290, 319, 321, 327, 328, 333, 339, 340, 345, 346, 348, 349, 350, 351, 352], "excluded_lines": [], "functions": {"create_dashboard": {"executed_lines": [], "summary": {"covered_lines": 0, "num_statements": 18, "percent_covered": 0.0, "percent_covered_display": "0", "missing_lines": 18, "excluded_lines": 0}, "missing_lines": [53, 55, 61, 62, 67, 68, 69, 70, 75, 82, 83, 84, 86, 88, 89, 90, 91, 92], "excluded_lines": []}, "list_dashboards": {"executed_lines": [], "summary": {"covered_lines": 0, "num_statements": 10, "percent_covered": 0.0, "percent_covered_display": "0", "missing_lines": 10, "excluded_lines": 0}, "missing_lines": [118, 120, 126, 127, 132, 139, 144, 145, 146, 147], "excluded_lines": []}, "get_dashboard": {"executed_lines": [], "summary": {"covered_lines": 0, "num_statements": 12, "percent_covered": 0.0, "percent_covered_display": "0", "missing_lines": 12, "excluded_lines": 0}, "missing_lines": [175, 177, 183, 184, 189, 195, 196, 201, 203, 204, 205, 206], "excluded_lines": []}, "update_dashboard": {"executed_lines": [], "summary": {"covered_lines": 0, "num_statements": 25, "percent_covered": 0.0, "percent_covered_display": "0", "missing_lines": 25, "excluded_lines": 0}, "missing_lines": [238, 240, 246, 247, 252, 258, 259, 265, 266, 268, 270, 271, 272, 273, 276, 278, 279, 281, 282, 284, 286, 287, 288, 289, 290], "excluded_lines": []}, "delete_dashboard": {"executed_lines": [], "summary": {"covered_lines": 0, "num_statements": 14, "percent_covered": 0.0, "percent_covered_display": "0", "missing_lines": 14, "excluded_lines": 0}, "missing_lines": [319, 321, 327, 328, 333, 339, 340, 345, 346, 348, 349, 350, 351, 352], "excluded_lines": []}, "": {"executed_lines": [1, 5, 6, 8, 9, 11, 12, 13, 14, 22, 25, 30, 98, 99, 153, 154, 212, 213, 296, 297], "summary": {"covered_lines": 19, "num_statements": 19, "percent_covered": 100.0, "percent_covered_display": "100", "missing_lines": 0, "excluded_lines": 0}, "missing_lines": [], "excluded_lines": []}}, "classes": {"": {"executed_lines": [1, 5, 6, 8, 9, 11, 12, 13, 14, 22, 25, 30, 98, 99, 153, 154, 212, 213, 296, 297], "summary": {"covered_lines": 19, "num_statements": 98, "percent_covered": 19.387755102040817, "percent_covered_display": "19", "missing_lines": 79, "excluded_lines": 0}, "missing_lines": [53, 55, 61, 62, 67, 68, 69, 70, 75, 82, 83, 84, 86, 88, 89, 90, 91, 92, 118, 120, 126, 127, 132, 139, 144, 145, 146, 147, 175, 177, 183, 184, 189, 195, 196, 201, 203, 204, 205, 206, 238, 240, 246, 247, 252, 258, 259, 265, 266, 268, 270, 271, 272, 273, 276, 278, 279, 281, 282, 284, 286, 287, 288, 289, 290, 319, 321, 327, 328, 333, 339, 340, 345, 346, 348, 349, 350, 351, 352], "excluded_lines": []}}}, "app/api/routes/export.py": {"executed_lines": [1, 2, 3, 4, 6, 7, 8, 10, 11, 12, 13, 14, 20, 21, 23, 25, 28, 29, 95, 96, 109, 110], "summary": {"covered_lines": 22, "num_statements": 145, "percent_covered": 15.172413793103448, "percent_covered_display": "15", "missing_lines": 123, "excluded_lines": 0}, "missing_lines": [36, 37, 40, 41, 43, 44, 45, 48, 49, 52, 54, 57, 58, 59, 60, 62, 63, 64, 66, 67, 68, 70, 73, 74, 75, 79, 80, 85, 87, 98, 99, 101, 102, 104, 137, 139, 140, 145, 146, 147, 148, 149, 151, 153, 154, 155, 158, 163, 164, 166, 169, 170, 171, 173, 174, 175, 176, 177, 179, 182, 187, 189, 190, 192, 193, 196, 197, 199, 200, 201, 203, 205, 208, 209, 210, 211, 212, 213, 214, 215, 216, 217, 218, 219, 220, 223, 225, 228, 229, 230, 231, 232, 233, 234, 235, 238, 239, 242, 243, 244, 245, 247, 248, 255, 257, 260, 267, 268, 270, 273, 280, 281, 284, 285, 288, 289, 290, 293, 295, 305, 306, 307, 308], "excluded_lines": [], "functions": {"export_dashboard": {"executed_lines": [], "summary": {"covered_lines": 0, "num_statements": 29, "percent_covered": 0.0, "percent_covered_display": "0", "missing_lines": 29, "excluded_lines": 0}, "missing_lines": [36, 37, 40, 41, 43, 44, 45, 48, 49, 52, 54, 57, 58, 59, 60, 62, 63, 64, 66, 67, 68, 70, 73, 74, 75, 79, 80, 85, 87], "excluded_lines": []}, "download_export": {"executed_lines": [], "summary": {"covered_lines": 0, "num_statements": 5, "percent_covered": 0.0, "percent_covered_display": "0", "missing_lines": 5, "excluded_lines": 0}, "missing_lines": [98, 99, 101, 102, 104], "excluded_lines": []}, "export_advanced": {"executed_lines": [], "summary": {"covered_lines": 0, "num_statements": 89, "percent_covered": 0.0, "percent_covered_display": "0", "missing_lines": 89, "excluded_lines": 0}, "missing_lines": [137, 139, 140, 145, 146, 147, 148, 149, 151, 153, 154, 155, 158, 163, 164, 166, 169, 170, 171, 173, 174, 175, 176, 177, 179, 182, 187, 189, 190, 192, 193, 196, 197, 199, 200, 201, 203, 205, 208, 209, 210, 211, 212, 213, 214, 215, 216, 217, 218, 219, 220, 223, 225, 228, 229, 230, 231, 232, 233, 234, 235, 238, 239, 242, 243, 244, 245, 247, 248, 255, 257, 260, 267, 268, 270, 273, 280, 281, 284, 285, 288, 289, 290, 293, 295, 305, 306, 307, 308], "excluded_lines": []}, "": {"executed_lines": [1, 2, 3, 4, 6, 7, 8, 10, 11, 12, 13, 14, 20, 21, 23, 25, 28, 29, 95, 96, 109, 110], "summary": {"covered_lines": 22, "num_statements": 22, "percent_covered": 100.0, "percent_covered_display": "100", "missing_lines": 0, "excluded_lines": 0}, "missing_lines": [], "excluded_lines": []}}, "classes": {"": {"executed_lines": [1, 2, 3, 4, 6, 7, 8, 10, 11, 12, 13, 14, 20, 21, 23, 25, 28, 29, 95, 96, 109, 110], "summary": {"covered_lines": 22, "num_statements": 145, "percent_covered": 15.172413793103448, "percent_covered_display": "15", "missing_lines": 123, "excluded_lines": 0}, "missing_lines": [36, 37, 40, 41, 43, 44, 45, 48, 49, 52, 54, 57, 58, 59, 60, 62, 63, 64, 66, 67, 68, 70, 73, 74, 75, 79, 80, 85, 87, 98, 99, 101, 102, 104, 137, 139, 140, 145, 146, 147, 148, 149, 151, 153, 154, 155, 158, 163, 164, 166, 169, 170, 171, 173, 174, 175, 176, 177, 179, 182, 187, 189, 190, 192, 193, 196, 197, 199, 200, 201, 203, 205, 208, 209, 210, 211, 212, 213, 214, 215, 216, 217, 218, 219, 220, 223, 225, 228, 229, 230, 231, 232, 233, 234, 235, 238, 239, 242, 243, 244, 245, 247, 248, 255, 257, 260, 267, 268, 270, 273, 280, 281, 284, 285, 288, 289, 290, 293, 295, 305, 306, 307, 308], "excluded_lines": []}}}, "app/api/routes/merge.py": {"executed_lines": [1, 6, 7, 8, 10, 11, 13, 14, 15, 16, 17, 24, 25, 26, 28, 31, 36, 142, 143, 189, 192, 249, 250], "summary": {"covered_lines": 22, "num_statements": 103, "percent_covered": 21.359223300970875, "percent_covered_display": "21", "missing_lines": 81, "excluded_lines": 0}, "missing_lines": [59, 61, 67, 68, 73, 79, 85, 86, 92, 94, 95, 97, 101, 102, 108, 118, 126, 127, 128, 130, 132, 133, 134, 135, 136, 162, 163, 169, 170, 174, 178, 180, 181, 182, 183, 210, 211, 217, 218, 222, 230, 231, 236, 237, 239, 240, 241, 242, 243, 272, 274, 280, 281, 286, 296, 297, 303, 306, 307, 309, 310, 315, 317, 318, 320, 331, 332, 335, 338, 340, 341, 342, 343, 344, 345, 348, 354, 362, 363, 364, 365], "excluded_lines": [], "functions": {"create_relationship": {"executed_lines": [], "summary": {"covered_lines": 0, "num_statements": 25, "percent_covered": 0.0, "percent_covered_display": "0", "missing_lines": 25, "excluded_lines": 0}, "missing_lines": [59, 61, 67, 68, 73, 79, 85, 86, 92, 94, 95, 97, 101, 102, 108, 118, 126, 127, 128, 130, 132, 133, 134, 135, 136], "excluded_lines": []}, "list_relationships": {"executed_lines": [], "summary": {"covered_lines": 0, "num_statements": 10, "percent_covered": 0.0, "percent_covered_display": "0", "missing_lines": 10, "excluded_lines": 0}, "missing_lines": [162, 163, 169, 170, 174, 178, 180, 181, 182, 183], "excluded_lines": []}, "delete_relationship": {"executed_lines": [], "summary": {"covered_lines": 0, "num_statements": 14, "percent_covered": 0.0, "percent_covered_display": "0", "missing_lines": 14, "excluded_lines": 0}, "missing_lines": [210, 211, 217, 218, 222, 230, 231, 236, 237, 239, 240, 241, 242, 243], "excluded_lines": []}, "analyze_merged_data": {"executed_lines": [], "summary": {"covered_lines": 0, "num_statements": 32, "percent_covered": 0.0, "percent_covered_display": "0", "missing_lines": 32, "excluded_lines": 0}, "missing_lines": [272, 274, 280, 281, 286, 296, 297, 303, 306, 307, 309, 310, 315, 317, 318, 320, 331, 332, 335, 338, 340, 341, 342, 343, 344, 345, 348, 354, 362, 363, 364, 365], "excluded_lines": []}, "": {"executed_lines": [1, 6, 7, 8, 10, 11, 13, 14, 15, 16, 17, 24, 25, 26, 28, 31, 36, 142, 143, 189, 192, 249, 250], "summary": {"covered_lines": 22, "num_statements": 22, "percent_covered": 100.0, "percent_covered_display": "100", "missing_lines": 0, "excluded_lines": 0}, "missing_lines": [], "excluded_lines": []}}, "classes": {"": {"executed_lines": [1, 6, 7, 8, 10, 11, 13, 14, 15, 16, 17, 24, 25, 26, 28, 31, 36, 142, 143, 189, 192, 249, 250], "summary": {"covered_lines": 22, "num_statements": 103, "percent_covered": 21.359223300970875, "percent_covered_display": "21", "missing_lines": 81, "excluded_lines": 0}, "missing_lines": [59, 61, 67, 68, 73, 79, 85, 86, 92, 94, 95, 97, 101, 102, 108, 118, 126, 127, 128, 130, 132, 133, 134, 135, 136, 162, 163, 169, 170, 174, 178, 180, 181, 182, 183, 210, 211, 217, 218, 222, 230, 231, 236, 237, 239, 240, 241, 242, 243, 272, 274, 280, 281, 286, 296, 297, 303, 306, 307, 309, 310, 315, 317, 318, 320, 331, 332, 335, 338, 340, 341, 342, 343, 344, 345, 348, 354, 362, 363, 364, 365], "excluded_lines": []}}}, "app/api/routes/projects.py": {"executed_lines": [1, 6, 7, 8, 9, 10, 11, 12, 14, 15, 17, 18, 19, 20, 21, 22, 35, 36, 37, 38, 40, 43, 44, 96, 97, 146, 147, 213, 214, 274, 275, 318, 323, 430, 431, 484, 485, 545, 546, 658, 659, 732, 735], "summary": {"covered_lines": 42, "num_statements": 240, "percent_covered": 17.5, "percent_covered_display": "18", "missing_lines": 198, "excluded_lines": 0}, "missing_lines": [64, 65, 66, 73, 84, 86, 87, 88, 89, 90, 113, 114, 115, 120, 121, 123, 134, 135, 137, 139, 140, 166, 167, 168, 171, 172, 173, 185, 188, 200, 202, 203, 204, 205, 206, 207, 237, 238, 241, 242, 247, 258, 260, 261, 262, 263, 264, 265, 266, 267, 268, 292, 293, 296, 299, 300, 301, 304, 306, 307, 308, 309, 310, 311, 312, 346, 347, 350, 353, 354, 360, 363, 364, 367, 368, 370, 371, 374, 375, 376, 379, 380, 381, 382, 383, 386, 389, 399, 400, 401, 404, 405, 407, 417, 418, 419, 420, 422, 423, 424, 450, 451, 452, 455, 456, 457, 469, 471, 473, 474, 475, 476, 477, 478, 504, 505, 508, 511, 517, 518, 524, 525, 528, 529, 532, 533, 535, 536, 537, 538, 539, 571, 572, 575, 578, 584, 585, 591, 592, 593, 596, 599, 600, 605, 608, 610, 611, 613, 616, 617, 618, 621, 626, 632, 633, 634, 636, 637, 639, 648, 649, 650, 651, 652, 680, 681, 684, 687, 693, 694, 700, 701, 707, 710, 712, 714, 723, 724, 725, 726, 759, 760, 763, 766, 772, 773, 779, 781, 783, 784, 785, 788, 790, 802, 806, 807, 808, 809], "excluded_lines": [], "functions": {"create_project": {"executed_lines": [], "summary": {"covered_lines": 0, "num_statements": 10, "percent_covered": 0.0, "percent_covered_display": "0", "missing_lines": 10, "excluded_lines": 0}, "missing_lines": [64, 65, 66, 73, 84, 86, 87, 88, 89, 90], "excluded_lines": []}, "list_projects": {"executed_lines": [], "summary": {"covered_lines": 0, "num_statements": 11, "percent_covered": 0.0, "percent_covered_display": "0", "missing_lines": 11, "excluded_lines": 0}, "missing_lines": [113, 114, 115, 120, 121, 123, 134, 135, 137, 139, 140], "excluded_lines": []}, "get_project": {"executed_lines": [], "summary": {"covered_lines": 0, "num_statements": 15, "percent_covered": 0.0, "percent_covered_display": "0", "missing_lines": 15, "excluded_lines": 0}, "missing_lines": [166, 167, 168, 171, 172, 173, 185, 188, 200, 202, 203, 204, 205, 206, 207], "excluded_lines": []}, "update_project": {"executed_lines": [], "summary": {"covered_lines": 0, "num_statements": 15, "percent_covered": 0.0, "percent_covered_display": "0", "missing_lines": 15, "excluded_lines": 0}, "missing_lines": [237, 238, 241, 242, 247, 258, 260, 261, 262, 263, 264, 265, 266, 267, 268], "excluded_lines": []}, "delete_project": {"executed_lines": [], "summary": {"covered_lines": 0, "num_statements": 14, "percent_covered": 0.0, "percent_covered_display": "0", "missing_lines": 14, "excluded_lines": 0}, "missing_lines": [292, 293, 296, 299, 300, 301, 304, 306, 307, 308, 309, 310, 311, 312], "excluded_lines": []}, "upload_file_to_project": {"executed_lines": [], "summary": {"covered_lines": 0, "num_statements": 35, "percent_covered": 0.0, "percent_covered_display": "0", "missing_lines": 35, "excluded_lines": 0}, "missing_lines": [346, 347, 350, 353, 354, 360, 363, 364, 367, 368, 370, 371, 374, 375, 376, 379, 380, 381, 382, 383, 386, 389, 399, 400, 401, 404, 405, 407, 417, 418, 419, 420, 422, 423, 424], "excluded_lines": []}, "list_project_files": {"executed_lines": [], "summary": {"covered_lines": 0, "num_statements": 14, "percent_covered": 0.0, "percent_covered_display": "0", "missing_lines": 14, "excluded_lines": 0}, "missing_lines": [450, 451, 452, 455, 456, 457, 469, 471, 473, 474, 475, 476, 477, 478], "excluded_lines": []}, "delete_project_file": {"executed_lines": [], "summary": {"covered_lines": 0, "num_statements": 17, "percent_covered": 0.0, "percent_covered_display": "0", "missing_lines": 17, "excluded_lines": 0}, "missing_lines": [504, 505, 508, 511, 517, 518, 524, 525, 528, 529, 532, 533, 535, 536, 537, 538, 539], "excluded_lines": []}, "analyze_project_file": {"executed_lines": [], "summary": {"covered_lines": 0, "num_statements": 33, "percent_covered": 0.0, "percent_covered_display": "0", "missing_lines": 33, "excluded_lines": 0}, "missing_lines": [571, 572, 575, 578, 584, 585, 591, 592, 593, 596, 599, 600, 605, 608, 610, 611, 613, 616, 617, 618, 621, 626, 632, 633, 634, 636, 637, 639, 648, 649, 650, 651, 652], "excluded_lines": []}, "get_project_file_analysis": {"executed_lines": [], "summary": {"covered_lines": 0, "num_statements": 16, "percent_covered": 0.0, "percent_covered_display": "0", "missing_lines": 16, "excluded_lines": 0}, "missing_lines": [680, 681, 684, 687, 693, 694, 700, 701, 707, 710, 712, 714, 723, 724, 725, 726], "excluded_lines": []}, "get_analysis_history": {"executed_lines": [], "summary": {"covered_lines": 0, "num_statements": 18, "percent_covered": 0.0, "percent_covered_display": "0", "missing_lines": 18, "excluded_lines": 0}, "missing_lines": [759, 760, 763, 766, 772, 773, 779, 781, 783, 784, 785, 788, 790, 802, 806, 807, 808, 809], "excluded_lines": []}, "": {"executed_lines": [1, 6, 7, 8, 9, 10, 11, 12, 14, 15, 17, 18, 19, 20, 21, 22, 35, 36, 37, 38, 40, 43, 44, 96, 97, 146, 147, 213, 214, 274, 275, 318, 323, 430, 431, 484, 485, 545, 546, 658, 659, 732, 735], "summary": {"covered_lines": 42, "num_statements": 42, "percent_covered": 100.0, "percent_covered_display": "100", "missing_lines": 0, "excluded_lines": 0}, "missing_lines": [], "excluded_lines": []}}, "classes": {"": {"executed_lines": [1, 6, 7, 8, 9, 10, 11, 12, 14, 15, 17, 18, 19, 20, 21, 22, 35, 36, 37, 38, 40, 43, 44, 96, 97, 146, 147, 213, 214, 274, 275, 318, 323, 430, 431, 484, 485, 545, 546, 658, 659, 732, 735], "summary": {"covered_lines": 42, "num_statements": 240, "percent_covered": 17.5, "percent_covered_display": "18", "missing_lines": 198, "excluded_lines": 0}, "missing_lines": [64, 65, 66, 73, 84, 86, 87, 88, 89, 90, 113, 114, 115, 120, 121, 123, 134, 135, 137, 139, 140, 166, 167, 168, 171, 172, 173, 185, 188, 200, 202, 203, 204, 205, 206, 207, 237, 238, 241, 242, 247, 258, 260, 261, 262, 263, 264, 265, 266, 267, 268, 292, 293, 296, 299, 300, 301, 304, 306, 307, 308, 309, 310, 311, 312, 346, 347, 350, 353, 354, 360, 363, 364, 367, 368, 370, 371, 374, 375, 376, 379, 380, 381, 382, 383, 386, 389, 399, 400, 401, 404, 405, 407, 417, 418, 419, 420, 422, 423, 424, 450, 451, 452, 455, 456, 457, 469, 471, 473, 474, 475, 476, 477, 478, 504, 505, 508, 511, 517, 518, 524, 525, 528, 529, 532, 533, 535, 536, 537, 538, 539, 571, 572, 575, 578, 584, 585, 591, 592, 593, 596, 599, 600, 605, 608, 610, 611, 613, 616, 617, 618, 621, 626, 632, 633, 634, 636, 637, 639, 648, 649, 650, 651, 652, 680, 681, 684, 687, 693, 694, 700, 701, 707, 710, 712, 714, 723, 724, 725, 726, 759, 760, 763, 766, 772, 773, 779, 781, 783, 784, 785, 788, 790, 802, 806, 807, 808, 809], "excluded_lines": []}}}, "app/api/routes/query.py": {"executed_lines": [1, 2, 4, 5, 6, 8, 9, 10, 11, 12, 14, 16, 19, 20, 63], "summary": {"covered_lines": 15, "num_statements": 62, "percent_covered": 24.193548387096776, "percent_covered_display": "24", "missing_lines": 47, "excluded_lines": 0}, "missing_lines": [28, 29, 31, 32, 35, 36, 37, 42, 50, 51, 52, 53, 54, 55, 58, 65, 66, 68, 70, 71, 72, 73, 74, 75, 76, 78, 79, 80, 81, 82, 83, 84, 86, 87, 88, 89, 90, 91, 92, 94, 95, 96, 97, 98, 99, 100, 102], "excluded_lines": [], "functions": {"query_data": {"executed_lines": [], "summary": {"covered_lines": 0, "num_statements": 15, "percent_covered": 0.0, "percent_covered_display": "0", "missing_lines": 15, "excluded_lines": 0}, "missing_lines": [28, 29, 31, 32, 35, 36, 37, 42, 50, 51, 52, 53, 54, 55, 58], "excluded_lines": []}, "_generate_chart_from_config": {"executed_lines": [], "summary": {"covered_lines": 0, "num_statements": 32, "percent_covered": 0.0, "percent_covered_display": "0", "missing_lines": 32, "excluded_lines": 0}, "missing_lines": [65, 66, 68, 70, 71, 72, 73, 74, 75, 76, 78, 79, 80, 81, 82, 83, 84, 86, 87, 88, 89, 90, 91, 92, 94, 95, 96, 97, 98, 99, 100, 102], "excluded_lines": []}, "": {"executed_lines": [1, 2, 4, 5, 6, 8, 9, 10, 11, 12, 14, 16, 19, 20, 63], "summary": {"covered_lines": 15, "num_statements": 15, "percent_covered": 100.0, "percent_covered_display": "100", "missing_lines": 0, "excluded_lines": 0}, "missing_lines": [], "excluded_lines": []}}, "classes": {"": {"executed_lines": [1, 2, 4, 5, 6, 8, 9, 10, 11, 12, 14, 16, 19, 20, 63], "summary": {"covered_lines": 15, "num_statements": 62, "percent_covered": 24.193548387096776, "percent_covered_display": "24", "missing_lines": 47, "excluded_lines": 0}, "missing_lines": [28, 29, 31, 32, 35, 36, 37, 42, 50, 51, 52, 53, 54, 55, 58, 65, 66, 68, 70, 71, 72, 73, 74, 75, 76, 78, 79, 80, 81, 82, 83, 84, 86, 87, 88, 89, 90, 91, 92, 94, 95, 96, 97, 98, 99, 100, 102], "excluded_lines": []}}}, "app/api/routes/upload.py": {"executed_lines": [1, 2, 3, 4, 6, 7, 8, 10, 11, 12, 13, 14, 15, 16, 18, 21, 22, 25, 26], "summary": {"covered_lines": 19, "num_statements": 51, "percent_covered": 37.254901960784316, "percent_covered_display": "37", "missing_lines": 32, "excluded_lines": 0}, "missing_lines": [34, 35, 36, 42, 43, 44, 46, 47, 48, 54, 55, 57, 58, 59, 62, 63, 66, 67, 68, 69, 72, 75, 76, 80, 87, 88, 89, 90, 92, 93, 94, 95], "excluded_lines": [], "functions": {"upload_file": {"executed_lines": [], "summary": {"covered_lines": 0, "num_statements": 32, "percent_covered": 0.0, "percent_covered_display": "0", "missing_lines": 32, "excluded_lines": 0}, "missing_lines": [34, 35, 36, 42, 43, 44, 46, 47, 48, 54, 55, 57, 58, 59, 62, 63, 66, 67, 68, 69, 72, 75, 76, 80, 87, 88, 89, 90, 92, 93, 94, 95], "excluded_lines": []}, "": {"executed_lines": [1, 2, 3, 4, 6, 7, 8, 10, 11, 12, 13, 14, 15, 16, 18, 21, 22, 25, 26], "summary": {"covered_lines": 19, "num_statements": 19, "percent_covered": 100.0, "percent_covered_display": "100", "missing_lines": 0, "excluded_lines": 0}, "missing_lines": [], "excluded_lines": []}}, "classes": {"": {"executed_lines": [1, 2, 3, 4, 6, 7, 8, 10, 11, 12, 13, 14, 15, 16, 18, 21, 22, 25, 26], "summary": {"covered_lines": 19, "num_statements": 51, "percent_covered": 37.254901960784316, "percent_covered_display": "37", "missing_lines": 32, "excluded_lines": 0}, "missing_lines": [34, 35, 36, 42, 43, 44, 46, 47, 48, 54, 55, 57, 58, 59, 62, 63, 66, 67, 68, 69, 72, 75, 76, 80, 87, 88, 89, 90, 92, 93, 94, 95], "excluded_lines": []}}}, "app/config.py": {"executed_lines": [1, 3, 4, 7, 8, 10, 11, 12, 15, 18, 19, 22, 25, 28, 29, 30, 32, 33, 34, 35, 36, 39, 40, 41, 42, 43, 47], "summary": {"covered_lines": 27, "num_statements": 29, "percent_covered": 93.10344827586206, "percent_covered_display": "93", "missing_lines": 2, "excluded_lines": 0}, "missing_lines": [37, 44], "excluded_lines": [], "functions": {"Settings.parse_cors_origins": {"executed_lines": [35, 36], "summary": {"covered_lines": 2, "num_statements": 3, "percent_covered": 66.66666666666667, "percent_covered_display": "67", "missing_lines": 1, "excluded_lines": 0}, "missing_lines": [37], "excluded_lines": []}, "Settings.parse_allowed_extensions": {"executed_lines": [42, 43], "summary": {"covered_lines": 2, "num_statements": 3, "percent_covered": 66.66666666666667, "percent_covered_display": "67", "missing_lines": 1, "excluded_lines": 0}, "missing_lines": [44], "excluded_lines": []}, "": {"executed_lines": [1, 3, 4, 7, 8, 10, 11, 12, 15, 18, 19, 22, 25, 28, 29, 30, 32, 33, 34, 39, 40, 41, 47], "summary": {"covered_lines": 23, "num_statements": 23, "percent_covered": 100.0, "percent_covered_display": "100", "missing_lines": 0, "excluded_lines": 0}, "missing_lines": [], "excluded_lines": []}}, "classes": {"Settings": {"executed_lines": [35, 36, 42, 43], "summary": {"covered_lines": 4, "num_statements": 6, "percent_covered": 66.66666666666667, "percent_covered_display": "67", "missing_lines": 2, "excluded_lines": 0}, "missing_lines": [37, 44], "excluded_lines": []}, "": {"executed_lines": [1, 3, 4, 7, 8, 10, 11, 12, 15, 18, 19, 22, 25, 28, 29, 30, 32, 33, 34, 39, 40, 41, 47], "summary": {"covered_lines": 23, "num_statements": 23, "percent_covered": 100.0, "percent_covered_display": "100", "missing_lines": 0, "excluded_lines": 0}, "missing_lines": [], "excluded_lines": []}}}, "app/core/__init__.py": {"executed_lines": [1], "summary": {"covered_lines": 0, "num_statements": 0, "percent_covered": 100.0, "percent_covered_display": "100", "missing_lines": 0, "excluded_lines": 0}, "missing_lines": [], "excluded_lines": [], "functions": {"": {"executed_lines": [1], "summary": {"covered_lines": 0, "num_statements": 0, "percent_covered": 100.0, "percent_covered_display": "100", "missing_lines": 0, "excluded_lines": 0}, "missing_lines": [], "excluded_lines": []}}, "classes": {"": {"executed_lines": [1], "summary": {"covered_lines": 0, "num_statements": 0, "percent_covered": 100.0, "percent_covered_display": "100", "missing_lines": 0, "excluded_lines": 0}, "missing_lines": [], "excluded_lines": []}}}, "app/core/exception_handlers.py": {"executed_lines": [1, 7, 8, 10, 11, 12, 13, 15, 17, 20, 39, 61, 86], "summary": {"covered_lines": 12, "num_statements": 21, "percent_covered": 57.142857142857146, "percent_covered_display": "57", "missing_lines": 9, "excluded_lines": 0}, "missing_lines": [26, 36, 47, 49, 51, 68, 77, 93, 102], "excluded_lines": [], "functions": {"app_exception_handler": {"executed_lines": [], "summary": {"covered_lines": 0, "num_statements": 2, "percent_covered": 0.0, "percent_covered_display": "0", "missing_lines": 2, "excluded_lines": 0}, "missing_lines": [26, 36], "excluded_lines": []}, "validation_exception_handler": {"executed_lines": [], "summary": {"covered_lines": 0, "num_statements": 3, "percent_covered": 0.0, "percent_covered_display": "0", "missing_lines": 3, "excluded_lines": 0}, "missing_lines": [47, 49, 51], "excluded_lines": []}, "sqlalchemy_exception_handler": {"executed_lines": [], "summary": {"covered_lines": 0, "num_statements": 2, "percent_covered": 0.0, "percent_covered_display": "0", "missing_lines": 2, "excluded_lines": 0}, "missing_lines": [68, 77], "excluded_lines": []}, "generic_exception_handler": {"executed_lines": [], "summary": {"covered_lines": 0, "num_statements": 2, "percent_covered": 0.0, "percent_covered_display": "0", "missing_lines": 2, "excluded_lines": 0}, "missing_lines": [93, 102], "excluded_lines": []}, "": {"executed_lines": [1, 7, 8, 10, 11, 12, 13, 15, 17, 20, 39, 61, 86], "summary": {"covered_lines": 12, "num_statements": 12, "percent_covered": 100.0, "percent_covered_display": "100", "missing_lines": 0, "excluded_lines": 0}, "missing_lines": [], "excluded_lines": []}}, "classes": {"": {"executed_lines": [1, 7, 8, 10, 11, 12, 13, 15, 17, 20, 39, 61, 86], "summary": {"covered_lines": 12, "num_statements": 21, "percent_covered": 57.142857142857146, "percent_covered_display": "57", "missing_lines": 9, "excluded_lines": 0}, "missing_lines": [26, 36, 47, 49, 51, 68, 77, 93, 102], "excluded_lines": []}}}, "app/core/exceptions.py": {"executed_lines": [1, 7, 10, 11, 13, 16, 17, 18, 19, 20, 22, 25, 36, 37, 39, 40, 43, 44, 46, 47, 50, 51, 53, 57, 58, 60, 61, 64, 65, 67, 71, 72, 74, 78, 79, 81, 85, 86, 88, 92, 93, 95, 99, 100, 102, 106, 107, 109], "summary": {"covered_lines": 35, "num_statements": 48, "percent_covered": 72.91666666666667, "percent_covered_display": "73", "missing_lines": 13, "excluded_lines": 0}, "missing_lines": [23, 27, 31, 32, 33, 54, 68, 75, 82, 89, 96, 103, 110], "excluded_lines": [], "functions": {"AppException.__init__": {"executed_lines": [16, 17, 18, 19, 20], "summary": {"covered_lines": 5, "num_statements": 5, "percent_covered": 100.0, "percent_covered_display": "100", "missing_lines": 0, "excluded_lines": 0}, "missing_lines": [], "excluded_lines": []}, "AppException.__str__": {"executed_lines": [], "summary": {"covered_lines": 0, "num_statements": 1, "percent_covered": 0.0, "percent_covered_display": "0", "missing_lines": 1, "excluded_lines": 0}, "missing_lines": [23], "excluded_lines": []}, "AppException.to_dict": {"executed_lines": [], "summary": {"covered_lines": 0, "num_statements": 4, "percent_covered": 0.0, "percent_covered_display": "0", "missing_lines": 4, "excluded_lines": 0}, "missing_lines": [27, 31, 32, 33], "excluded_lines": []}, "ProjectNotFoundError.__init__": {"executed_lines": [40], "summary": {"covered_lines": 1, "num_statements": 1, "percent_covered": 100.0, "percent_covered_display": "100", "missing_lines": 0, "excluded_lines": 0}, "missing_lines": [], "excluded_lines": []}, "FileNotFoundError.__init__": {"executed_lines": [47], "summary": {"covered_lines": 1, "num_statements": 1, "percent_covered": 100.0, "percent_covered_display": "100", "missing_lines": 0, "excluded_lines": 0}, "missing_lines": [], "excluded_lines": []}, "UnauthorizedError.__init__": {"executed_lines": [], "summary": {"covered_lines": 0, "num_statements": 1, "percent_covered": 0.0, "percent_covered_display": "0", "missing_lines": 1, "excluded_lines": 0}, "missing_lines": [54], "excluded_lines": []}, "ValidationError.__init__": {"executed_lines": [61], "summary": {"covered_lines": 1, "num_statements": 1, "percent_covered": 100.0, "percent_covered_display": "100", "missing_lines": 0, "excluded_lines": 0}, "missing_lines": [], "excluded_lines": []}, "InsufficientPermissionsError.__init__": {"executed_lines": [], "summary": {"covered_lines": 0, "num_statements": 1, "percent_covered": 0.0, "percent_covered_display": "0", "missing_lines": 1, "excluded_lines": 0}, "missing_lines": [68], "excluded_lines": []}, "ResourceConflictError.__init__": {"executed_lines": [], "summary": {"covered_lines": 0, "num_statements": 1, "percent_covered": 0.0, "percent_covered_display": "0", "missing_lines": 1, "excluded_lines": 0}, "missing_lines": [75], "excluded_lines": []}, "FileTooLargeError.__init__": {"executed_lines": [], "summary": {"covered_lines": 0, "num_statements": 1, "percent_covered": 0.0, "percent_covered_display": "0", "missing_lines": 1, "excluded_lines": 0}, "missing_lines": [82], "excluded_lines": []}, "InvalidFileTypeError.__init__": {"executed_lines": [], "summary": {"covered_lines": 0, "num_statements": 1, "percent_covered": 0.0, "percent_covered_display": "0", "missing_lines": 1, "excluded_lines": 0}, "missing_lines": [89], "excluded_lines": []}, "AIServiceError.__init__": {"executed_lines": [], "summary": {"covered_lines": 0, "num_statements": 1, "percent_covered": 0.0, "percent_covered_display": "0", "missing_lines": 1, "excluded_lines": 0}, "missing_lines": [96], "excluded_lines": []}, "AnalysisNotFoundError.__init__": {"executed_lines": [], "summary": {"covered_lines": 0, "num_statements": 1, "percent_covered": 0.0, "percent_covered_display": "0", "missing_lines": 1, "excluded_lines": 0}, "missing_lines": [103], "excluded_lines": []}, "ExportNotFoundError.__init__": {"executed_lines": [], "summary": {"covered_lines": 0, "num_statements": 1, "percent_covered": 0.0, "percent_covered_display": "0", "missing_lines": 1, "excluded_lines": 0}, "missing_lines": [110], "excluded_lines": []}, "": {"executed_lines": [1, 7, 10, 11, 13, 22, 25, 36, 37, 39, 43, 44, 46, 50, 51, 53, 57, 58, 60, 64, 65, 67, 71, 72, 74, 78, 79, 81, 85, 86, 88, 92, 93, 95, 99, 100, 102, 106, 107, 109], "summary": {"covered_lines": 27, "num_statements": 27, "percent_covered": 100.0, "percent_covered_display": "100", "missing_lines": 0, "excluded_lines": 0}, "missing_lines": [], "excluded_lines": []}}, "classes": {"AppException": {"executed_lines": [16, 17, 18, 19, 20], "summary": {"covered_lines": 5, "num_statements": 10, "percent_covered": 50.0, "percent_covered_display": "50", "missing_lines": 5, "excluded_lines": 0}, "missing_lines": [23, 27, 31, 32, 33], "excluded_lines": []}, "ProjectNotFoundError": {"executed_lines": [40], "summary": {"covered_lines": 1, "num_statements": 1, "percent_covered": 100.0, "percent_covered_display": "100", "missing_lines": 0, "excluded_lines": 0}, "missing_lines": [], "excluded_lines": []}, "FileNotFoundError": {"executed_lines": [47], "summary": {"covered_lines": 1, "num_statements": 1, "percent_covered": 100.0, "percent_covered_display": "100", "missing_lines": 0, "excluded_lines": 0}, "missing_lines": [], "excluded_lines": []}, "UnauthorizedError": {"executed_lines": [], "summary": {"covered_lines": 0, "num_statements": 1, "percent_covered": 0.0, "percent_covered_display": "0", "missing_lines": 1, "excluded_lines": 0}, "missing_lines": [54], "excluded_lines": []}, "ValidationError": {"executed_lines": [61], "summary": {"covered_lines": 1, "num_statements": 1, "percent_covered": 100.0, "percent_covered_display": "100", "missing_lines": 0, "excluded_lines": 0}, "missing_lines": [], "excluded_lines": []}, "InsufficientPermissionsError": {"executed_lines": [], "summary": {"covered_lines": 0, "num_statements": 1, "percent_covered": 0.0, "percent_covered_display": "0", "missing_lines": 1, "excluded_lines": 0}, "missing_lines": [68], "excluded_lines": []}, "ResourceConflictError": {"executed_lines": [], "summary": {"covered_lines": 0, "num_statements": 1, "percent_covered": 0.0, "percent_covered_display": "0", "missing_lines": 1, "excluded_lines": 0}, "missing_lines": [75], "excluded_lines": []}, "FileTooLargeError": {"executed_lines": [], "summary": {"covered_lines": 0, "num_statements": 1, "percent_covered": 0.0, "percent_covered_display": "0", "missing_lines": 1, "excluded_lines": 0}, "missing_lines": [82], "excluded_lines": []}, "InvalidFileTypeError": {"executed_lines": [], "summary": {"covered_lines": 0, "num_statements": 1, "percent_covered": 0.0, "percent_covered_display": "0", "missing_lines": 1, "excluded_lines": 0}, "missing_lines": [89], "excluded_lines": []}, "AIServiceError": {"executed_lines": [], "summary": {"covered_lines": 0, "num_statements": 1, "percent_covered": 0.0, "percent_covered_display": "0", "missing_lines": 1, "excluded_lines": 0}, "missing_lines": [96], "excluded_lines": []}, "AnalysisNotFoundError": {"executed_lines": [], "summary": {"covered_lines": 0, "num_statements": 1, "percent_covered": 0.0, "percent_covered_display": "0", "missing_lines": 1, "excluded_lines": 0}, "missing_lines": [103], "excluded_lines": []}, "ExportNotFoundError": {"executed_lines": [], "summary": {"covered_lines": 0, "num_statements": 1, "percent_covered": 0.0, "percent_covered_display": "0", "missing_lines": 1, "excluded_lines": 0}, "missing_lines": [110], "excluded_lines": []}, "": {"executed_lines": [1, 7, 10, 11, 13, 22, 25, 36, 37, 39, 43, 44, 46, 50, 51, 53, 57, 58, 60, 64, 65, 67, 71, 72, 74, 78, 79, 81, 85, 86, 88, 92, 93, 95, 99, 100, 102, 106, 107, 109], "summary": {"covered_lines": 27, "num_statements": 27, "percent_covered": 100.0, "percent_covered_display": "100", "missing_lines": 0, "excluded_lines": 0}, "missing_lines": [], "excluded_lines": []}}}, "app/database.py": {"executed_lines": [1, 4, 5, 7, 8, 11, 19, 22, 39, 48], "summary": {"covered_lines": 9, "num_statements": 15, "percent_covered": 60.0, "percent_covered_display": "60", "missing_lines": 6, "excluded_lines": 0}, "missing_lines": [32, 33, 34, 36, 45, 53], "excluded_lines": [], "functions": {"get_db": {"executed_lines": [], "summary": {"covered_lines": 0, "num_statements": 4, "percent_covered": 0.0, "percent_covered_display": "0", "missing_lines": 4, "excluded_lines": 0}, "missing_lines": [32, 33, 34, 36], "excluded_lines": []}, "create_tables": {"executed_lines": [], "summary": {"covered_lines": 0, "num_statements": 1, "percent_covered": 0.0, "percent_covered_display": "0", "missing_lines": 1, "excluded_lines": 0}, "missing_lines": [45], "excluded_lines": []}, "drop_tables": {"executed_lines": [], "summary": {"covered_lines": 0, "num_statements": 1, "percent_covered": 0.0, "percent_covered_display": "0", "missing_lines": 1, "excluded_lines": 0}, "missing_lines": [53], "excluded_lines": []}, "": {"executed_lines": [1, 4, 5, 7, 8, 11, 19, 22, 39, 48], "summary": {"covered_lines": 9, "num_statements": 9, "percent_covered": 100.0, "percent_covered_display": "100", "missing_lines": 0, "excluded_lines": 0}, "missing_lines": [], "excluded_lines": []}}, "classes": {"": {"executed_lines": [1, 4, 5, 7, 8, 11, 19, 22, 39, 48], "summary": {"covered_lines": 9, "num_statements": 15, "percent_covered": 60.0, "percent_covered_display": "60", "missing_lines": 6, "excluded_lines": 0}, "missing_lines": [32, 33, 34, 36, 45, 53], "excluded_lines": []}}}, "app/main.py": {"executed_lines": [1, 2, 3, 4, 6, 17, 18, 24, 26, 33, 42, 43, 44, 45, 48, 49, 50, 51, 52, 53, 54, 55, 56, 59, 60, 64], "summary": {"covered_lines": 25, "num_statements": 26, "percent_covered": 96.15384615384616, "percent_covered_display": "96", "missing_lines": 1, "excluded_lines": 3}, "missing_lines": [61], "excluded_lines": [64, 65, 67], "functions": {"health_check": {"executed_lines": [], "summary": {"covered_lines": 0, "num_statements": 1, "percent_covered": 0.0, "percent_covered_display": "0", "missing_lines": 1, "excluded_lines": 0}, "missing_lines": [61], "excluded_lines": []}, "": {"executed_lines": [1, 2, 3, 4, 6, 17, 18, 24, 26, 33, 42, 43, 44, 45, 48, 49, 50, 51, 52, 53, 54, 55, 56, 59, 60, 64], "summary": {"covered_lines": 25, "num_statements": 25, "percent_covered": 100.0, "percent_covered_display": "100", "missing_lines": 0, "excluded_lines": 3}, "missing_lines": [], "excluded_lines": [64, 65, 67]}}, "classes": {"": {"executed_lines": [1, 2, 3, 4, 6, 17, 18, 24, 26, 33, 42, 43, 44, 45, 48, 49, 50, 51, 52, 53, 54, 55, 56, 59, 60, 64], "summary": {"covered_lines": 25, "num_statements": 26, "percent_covered": 96.15384615384616, "percent_covered_display": "96", "missing_lines": 1, "excluded_lines": 3}, "missing_lines": [61], "excluded_lines": [64, 65, 67]}}}, "app/middleware/auth.py": {"executed_lines": [1, 5, 7, 8, 9, 11, 12, 13, 16, 19, 86, 109, 132, 153], "summary": {"covered_lines": 13, "num_statements": 44, "percent_covered": 29.545454545454547, "percent_covered_display": "30", "missing_lines": 31, "excluded_lines": 0}, "missing_lines": [40, 47, 50, 51, 52, 55, 56, 57, 60, 61, 62, 65, 66, 73, 74, 75, 78, 79, 83, 102, 103, 106, 124, 125, 129, 149, 150, 181, 187, 188, 193], "excluded_lines": [], "functions": {"get_current_user": {"executed_lines": [], "summary": {"covered_lines": 0, "num_statements": 19, "percent_covered": 0.0, "percent_covered_display": "0", "missing_lines": 19, "excluded_lines": 0}, "missing_lines": [40, 47, 50, 51, 52, 55, 56, 57, 60, 61, 62, 65, 66, 73, 74, 75, 78, 79, 83], "excluded_lines": []}, "get_current_active_user": {"executed_lines": [], "summary": {"covered_lines": 0, "num_statements": 3, "percent_covered": 0.0, "percent_covered_display": "0", "missing_lines": 3, "excluded_lines": 0}, "missing_lines": [102, 103, 106], "excluded_lines": []}, "get_current_superuser": {"executed_lines": [], "summary": {"covered_lines": 0, "num_statements": 3, "percent_covered": 0.0, "percent_covered_display": "0", "missing_lines": 3, "excluded_lines": 0}, "missing_lines": [124, 125, 129], "excluded_lines": []}, "get_optional_current_user": {"executed_lines": [], "summary": {"covered_lines": 0, "num_statements": 2, "percent_covered": 0.0, "percent_covered_display": "0", "missing_lines": 2, "excluded_lines": 0}, "missing_lines": [149, 150], "excluded_lines": []}, "get_user_project": {"executed_lines": [], "summary": {"covered_lines": 0, "num_statements": 4, "percent_covered": 0.0, "percent_covered_display": "0", "missing_lines": 4, "excluded_lines": 0}, "missing_lines": [181, 187, 188, 193], "excluded_lines": []}, "": {"executed_lines": [1, 5, 7, 8, 9, 11, 12, 13, 16, 19, 86, 109, 132, 153], "summary": {"covered_lines": 13, "num_statements": 13, "percent_covered": 100.0, "percent_covered_display": "100", "missing_lines": 0, "excluded_lines": 0}, "missing_lines": [], "excluded_lines": []}}, "classes": {"": {"executed_lines": [1, 5, 7, 8, 9, 11, 12, 13, 16, 19, 86, 109, 132, 153], "summary": {"covered_lines": 13, "num_statements": 44, "percent_covered": 29.545454545454547, "percent_covered_display": "30", "missing_lines": 31, "excluded_lines": 0}, "missing_lines": [40, 47, 50, 51, 52, 55, 56, 57, 60, 61, 62, 65, 66, 73, 74, 75, 78, 79, 83, 102, 103, 106, 124, 125, 129, 149, 150, 181, 187, 188, 193], "excluded_lines": []}}}, "app/models/__init__.py": {"executed_lines": [0], "summary": {"covered_lines": 0, "num_statements": 0, "percent_covered": 100.0, "percent_covered_display": "100", "missing_lines": 0, "excluded_lines": 0}, "missing_lines": [], "excluded_lines": [], "functions": {"": {"executed_lines": [], "summary": {"covered_lines": 0, "num_statements": 0, "percent_covered": 100.0, "percent_covered_display": "100", "missing_lines": 0, "excluded_lines": 0}, "missing_lines": [], "excluded_lines": []}}, "classes": {"": {"executed_lines": [], "summary": {"covered_lines": 0, "num_statements": 0, "percent_covered": 100.0, "percent_covered_display": "100", "missing_lines": 0, "excluded_lines": 0}, "missing_lines": [], "excluded_lines": []}}}, "app/models/database.py": {"executed_lines": [1, 4, 6, 7, 9, 12, 14, 17, 18, 20, 22, 23, 24, 25, 26, 27, 28, 29, 30, 33, 34, 35, 37, 41, 42, 44, 46, 47, 48, 51, 52, 53, 54, 55, 56, 59, 61, 65, 66, 68, 70, 71, 74, 77, 78, 81, 82, 87, 88, 89, 94, 96, 100, 101, 103, 105, 106, 107, 108, 109, 110, 111, 114, 115, 116, 117, 121, 125, 126, 128, 130, 131, 132, 133, 136, 137, 138, 139, 140, 143, 146, 147, 150, 152, 156, 157, 159, 161, 162, 163, 164, 165, 166, 167, 170, 171, 172, 174, 178, 179, 181, 183, 184, 185, 186, 187, 188, 189, 190, 193, 195], "summary": {"covered_lines": 96, "num_statements": 96, "percent_covered": 100.0, "percent_covered_display": "100", "missing_lines": 0, "excluded_lines": 14}, "missing_lines": [], "excluded_lines": [37, 38, 61, 62, 96, 97, 121, 122, 152, 153, 174, 175, 195, 196], "functions": {"utc_now": {"executed_lines": [14], "summary": {"covered_lines": 1, "num_statements": 1, "percent_covered": 100.0, "percent_covered_display": "100", "missing_lines": 0, "excluded_lines": 0}, "missing_lines": [], "excluded_lines": []}, "User.__repr__": {"executed_lines": [], "summary": {"covered_lines": 0, "num_statements": 0, "percent_covered": 100.0, "percent_covered_display": "100", "missing_lines": 0, "excluded_lines": 1}, "missing_lines": [], "excluded_lines": [38]}, "Session.__repr__": {"executed_lines": [], "summary": {"covered_lines": 0, "num_statements": 0, "percent_covered": 100.0, "percent_covered_display": "100", "missing_lines": 0, "excluded_lines": 1}, "missing_lines": [], "excluded_lines": [62]}, "Upload.__repr__": {"executed_lines": [], "summary": {"covered_lines": 0, "num_statements": 0, "percent_covered": 100.0, "percent_covered_display": "100", "missing_lines": 0, "excluded_lines": 1}, "missing_lines": [], "excluded_lines": [97]}, "Project.__repr__": {"executed_lines": [], "summary": {"covered_lines": 0, "num_statements": 0, "percent_covered": 100.0, "percent_covered_display": "100", "missing_lines": 0, "excluded_lines": 1}, "missing_lines": [], "excluded_lines": [122]}, "File.__repr__": {"executed_lines": [], "summary": {"covered_lines": 0, "num_statements": 0, "percent_covered": 100.0, "percent_covered_display": "100", "missing_lines": 0, "excluded_lines": 1}, "missing_lines": [], "excluded_lines": [153]}, "FileRelationship.__repr__": {"executed_lines": [], "summary": {"covered_lines": 0, "num_statements": 0, "percent_covered": 100.0, "percent_covered_display": "100", "missing_lines": 0, "excluded_lines": 1}, "missing_lines": [], "excluded_lines": [175]}, "Dashboard.__repr__": {"executed_lines": [], "summary": {"covered_lines": 0, "num_statements": 0, "percent_covered": 100.0, "percent_covered_display": "100", "missing_lines": 0, "excluded_lines": 1}, "missing_lines": [], "excluded_lines": [196]}, "": {"executed_lines": [1, 4, 6, 7, 9, 12, 17, 18, 20, 22, 23, 24, 25, 26, 27, 28, 29, 30, 33, 34, 35, 37, 41, 42, 44, 46, 47, 48, 51, 52, 53, 54, 55, 56, 59, 61, 65, 66, 68, 70, 71, 74, 77, 78, 81, 82, 87, 88, 89, 94, 96, 100, 101, 103, 105, 106, 107, 108, 109, 110, 111, 114, 115, 116, 117, 121, 125, 126, 128, 130, 131, 132, 133, 136, 137, 138, 139, 140, 143, 146, 147, 150, 152, 156, 157, 159, 161, 162, 163, 164, 165, 166, 167, 170, 171, 172, 174, 178, 179, 181, 183, 184, 185, 186, 187, 188, 189, 190, 193, 195], "summary": {"covered_lines": 95, "num_statements": 95, "percent_covered": 100.0, "percent_covered_display": "100", "missing_lines": 0, "excluded_lines": 7}, "missing_lines": [], "excluded_lines": [37, 61, 96, 121, 152, 174, 195]}}, "classes": {"User": {"executed_lines": [], "summary": {"covered_lines": 0, "num_statements": 0, "percent_covered": 100.0, "percent_covered_display": "100", "missing_lines": 0, "excluded_lines": 1}, "missing_lines": [], "excluded_lines": [38]}, "Session": {"executed_lines": [], "summary": {"covered_lines": 0, "num_statements": 0, "percent_covered": 100.0, "percent_covered_display": "100", "missing_lines": 0, "excluded_lines": 1}, "missing_lines": [], "excluded_lines": [62]}, "Upload": {"executed_lines": [], "summary": {"covered_lines": 0, "num_statements": 0, "percent_covered": 100.0, "percent_covered_display": "100", "missing_lines": 0, "excluded_lines": 1}, "missing_lines": [], "excluded_lines": [97]}, "Project": {"executed_lines": [], "summary": {"covered_lines": 0, "num_statements": 0, "percent_covered": 100.0, "percent_covered_display": "100", "missing_lines": 0, "excluded_lines": 1}, "missing_lines": [], "excluded_lines": [122]}, "File": {"executed_lines": [], "summary": {"covered_lines": 0, "num_statements": 0, "percent_covered": 100.0, "percent_covered_display": "100", "missing_lines": 0, "excluded_lines": 1}, "missing_lines": [], "excluded_lines": [153]}, "FileRelationship": {"executed_lines": [], "summary": {"covered_lines": 0, "num_statements": 0, "percent_covered": 100.0, "percent_covered_display": "100", "missing_lines": 0, "excluded_lines": 1}, "missing_lines": [], "excluded_lines": [175]}, "Dashboard": {"executed_lines": [], "summary": {"covered_lines": 0, "num_statements": 0, "percent_covered": 100.0, "percent_covered_display": "100", "missing_lines": 0, "excluded_lines": 1}, "missing_lines": [], "excluded_lines": [196]}, "": {"executed_lines": [1, 4, 6, 7, 9, 12, 14, 17, 18, 20, 22, 23, 24, 25, 26, 27, 28, 29, 30, 33, 34, 35, 37, 41, 42, 44, 46, 47, 48, 51, 52, 53, 54, 55, 56, 59, 61, 65, 66, 68, 70, 71, 74, 77, 78, 81, 82, 87, 88, 89, 94, 96, 100, 101, 103, 105, 106, 107, 108, 109, 110, 111, 114, 115, 116, 117, 121, 125, 126, 128, 130, 131, 132, 133, 136, 137, 138, 139, 140, 143, 146, 147, 150, 152, 156, 157, 159, 161, 162, 163, 164, 165, 166, 167, 170, 171, 172, 174, 178, 179, 181, 183, 184, 185, 186, 187, 188, 189, 190, 193, 195], "summary": {"covered_lines": 96, "num_statements": 96, "percent_covered": 100.0, "percent_covered_display": "100", "missing_lines": 0, "excluded_lines": 7}, "missing_lines": [], "excluded_lines": [37, 61, 96, 121, 152, 174, 195]}}}, "app/models/schemas.py": {"executed_lines": [1, 2, 4, 9, 10, 12, 13, 14, 15, 17, 18, 19, 35, 36, 38, 39, 42, 43, 45, 46, 47, 48, 49, 50, 51, 53, 56, 57, 59, 60, 61, 67, 68, 69, 70, 71, 72, 74, 75, 76, 77, 80, 81, 82, 83, 86, 87, 88, 89, 90, 93, 94, 95, 96, 100, 101, 102, 103, 104, 105, 106, 107, 108, 109, 112, 113, 114, 115, 116, 117, 118, 122, 123, 124, 125, 128, 129, 130, 131, 134, 135, 136, 137, 138, 142, 143, 146, 147, 148, 149, 150, 154, 155, 157, 158, 159, 161, 164, 165, 166, 167, 170, 171, 174, 176, 177, 178, 186, 187, 189, 190, 191, 192, 193, 194, 195, 202, 203, 205, 206, 209, 210, 212, 213, 214, 217, 218, 220, 221, 222, 223, 224, 225, 226, 227, 228, 229, 231, 234, 235, 237, 238, 239, 240, 241, 242, 243, 244, 245, 247, 250, 251, 253, 254, 257, 258, 260, 261, 262, 263, 264, 265, 266, 270, 271, 273, 274, 275, 278, 279, 281, 282, 283, 284, 285, 286, 287, 288, 289, 292, 293, 295, 296, 297, 298, 299, 300, 301, 305, 306, 308, 309, 310, 311, 312, 313, 314, 317, 318, 320, 321, 322, 323, 324, 325, 326, 328, 331, 332, 334, 337, 338, 340, 341, 342, 343, 344, 348, 349, 351, 352, 353, 356, 357, 359, 360, 361, 364, 365, 367, 368, 369, 370, 371, 372, 373, 374, 376, 379, 380, 382, 383, 387, 388, 390, 391, 392, 393, 394, 395, 396, 399, 400, 402, 403, 404, 405, 409, 410, 412, 417, 418, 420, 421, 422, 423, 424, 425], "summary": {"covered_lines": 241, "num_statements": 256, "percent_covered": 94.140625, "percent_covered_display": "94", "missing_lines": 15, "excluded_lines": 0}, "missing_lines": [22, 23, 24, 25, 26, 27, 28, 29, 30, 31, 32, 180, 181, 182, 183], "excluded_lines": [], "functions": {"UserRegister.validate_password": {"executed_lines": [], "summary": {"covered_lines": 0, "num_statements": 11, "percent_covered": 0.0, "percent_covered_display": "0", "missing_lines": 11, "excluded_lines": 0}, "missing_lines": [22, 23, 24, 25, 26, 27, 28, 29, 30, 31, 32], "excluded_lines": []}, "AdvancedExportRequest.validate_export_format": {"executed_lines": [], "summary": {"covered_lines": 0, "num_statements": 4, "percent_covered": 0.0, "percent_covered_display": "0", "missing_lines": 4, "excluded_lines": 0}, "missing_lines": [180, 181, 182, 183], "excluded_lines": []}, "": {"executed_lines": [1, 2, 4, 9, 10, 12, 13, 14, 15, 17, 18, 19, 35, 36, 38, 39, 42, 43, 45, 46, 47, 48, 49, 50, 51, 53, 56, 57, 59, 60, 61, 67, 68, 69, 70, 71, 72, 74, 75, 76, 77, 80, 81, 82, 83, 86, 87, 88, 89, 90, 93, 94, 95, 96, 100, 101, 102, 103, 104, 105, 106, 107, 108, 109, 112, 113, 114, 115, 116, 117, 118, 122, 123, 124, 125, 128, 129, 130, 131, 134, 135, 136, 137, 138, 142, 143, 146, 147, 148, 149, 150, 154, 155, 157, 158, 159, 161, 164, 165, 166, 167, 170, 171, 174, 176, 177, 178, 186, 187, 189, 190, 191, 192, 193, 194, 195, 202, 203, 205, 206, 209, 210, 212, 213, 214, 217, 218, 220, 221, 222, 223, 224, 225, 226, 227, 228, 229, 231, 234, 235, 237, 238, 239, 240, 241, 242, 243, 244, 245, 247, 250, 251, 253, 254, 257, 258, 260, 261, 262, 263, 264, 265, 266, 270, 271, 273, 274, 275, 278, 279, 281, 282, 283, 284, 285, 286, 287, 288, 289, 292, 293, 295, 296, 297, 298, 299, 300, 301, 305, 306, 308, 309, 310, 311, 312, 313, 314, 317, 318, 320, 321, 322, 323, 324, 325, 326, 328, 331, 332, 334, 337, 338, 340, 341, 342, 343, 344, 348, 349, 351, 352, 353, 356, 357, 359, 360, 361, 364, 365, 367, 368, 369, 370, 371, 372, 373, 374, 376, 379, 380, 382, 383, 387, 388, 390, 391, 392, 393, 394, 395, 396, 399, 400, 402, 403, 404, 405, 409, 410, 412, 417, 418, 420, 421, 422, 423, 424, 425], "summary": {"covered_lines": 241, "num_statements": 241, "percent_covered": 100.0, "percent_covered_display": "100", "missing_lines": 0, "excluded_lines": 0}, "missing_lines": [], "excluded_lines": []}}, "classes": {"UserRegister": {"executed_lines": [], "summary": {"covered_lines": 0, "num_statements": 11, "percent_covered": 0.0, "percent_covered_display": "0", "missing_lines": 11, "excluded_lines": 0}, "missing_lines": [22, 23, 24, 25, 26, 27, 28, 29, 30, 31, 32], "excluded_lines": []}, "UserLogin": {"executed_lines": [], "summary": {"covered_lines": 0, "num_statements": 0, "percent_covered": 100.0, "percent_covered_display": "100", "missing_lines": 0, "excluded_lines": 0}, "missing_lines": [], "excluded_lines": []}, "UserResponse": {"executed_lines": [], "summary": {"covered_lines": 0, "num_statements": 0, "percent_covered": 100.0, "percent_covered_display": "100", "missing_lines": 0, "excluded_lines": 0}, "missing_lines": [], "excluded_lines": []}, "TokenResponse": {"executed_lines": [], "summary": {"covered_lines": 0, "num_statements": 0, "percent_covered": 100.0, "percent_covered_display": "100", "missing_lines": 0, "excluded_lines": 0}, "missing_lines": [], "excluded_lines": []}, "ColumnInfo": {"executed_lines": [], "summary": {"covered_lines": 0, "num_statements": 0, "percent_covered": 100.0, "percent_covered_display": "100", "missing_lines": 0, "excluded_lines": 0}, "missing_lines": [], "excluded_lines": []}, "DataSchema": {"executed_lines": [], "summary": {"covered_lines": 0, "num_statements": 0, "percent_covered": 100.0, "percent_covered_display": "100", "missing_lines": 0, "excluded_lines": 0}, "missing_lines": [], "excluded_lines": []}, "UploadResponse": {"executed_lines": [], "summary": {"covered_lines": 0, "num_statements": 0, "percent_covered": 100.0, "percent_covered_display": "100", "missing_lines": 0, "excluded_lines": 0}, "missing_lines": [], "excluded_lines": []}, "ErrorResponse": {"executed_lines": [], "summary": {"covered_lines": 0, "num_statements": 0, "percent_covered": 100.0, "percent_covered_display": "100", "missing_lines": 0, "excluded_lines": 0}, "missing_lines": [], "excluded_lines": []}, "ChartData": {"executed_lines": [], "summary": {"covered_lines": 0, "num_statements": 0, "percent_covered": 100.0, "percent_covered_display": "100", "missing_lines": 0, "excluded_lines": 0}, "missing_lines": [], "excluded_lines": []}, "AnalyzeResponse": {"executed_lines": [], "summary": {"covered_lines": 0, "num_statements": 0, "percent_covered": 100.0, "percent_covered_display": "100", "missing_lines": 0, "excluded_lines": 0}, "missing_lines": [], "excluded_lines": []}, "QueryRequest": {"executed_lines": [], "summary": {"covered_lines": 0, "num_statements": 0, "percent_covered": 100.0, "percent_covered_display": "100", "missing_lines": 0, "excluded_lines": 0}, "missing_lines": [], "excluded_lines": []}, "ConversationMessage": {"executed_lines": [], "summary": {"covered_lines": 0, "num_statements": 0, "percent_covered": 100.0, "percent_covered_display": "100", "missing_lines": 0, "excluded_lines": 0}, "missing_lines": [], "excluded_lines": []}, "QueryResponse": {"executed_lines": [], "summary": {"covered_lines": 0, "num_statements": 0, "percent_covered": 100.0, "percent_covered_display": "100", "missing_lines": 0, "excluded_lines": 0}, "missing_lines": [], "excluded_lines": []}, "ExportRequest": {"executed_lines": [], "summary": {"covered_lines": 0, "num_statements": 0, "percent_covered": 100.0, "percent_covered_display": "100", "missing_lines": 0, "excluded_lines": 0}, "missing_lines": [], "excluded_lines": []}, "ExportResponse": {"executed_lines": [], "summary": {"covered_lines": 0, "num_statements": 0, "percent_covered": 100.0, "percent_covered_display": "100", "missing_lines": 0, "excluded_lines": 0}, "missing_lines": [], "excluded_lines": []}, "AdvancedExportRequest": {"executed_lines": [], "summary": {"covered_lines": 0, "num_statements": 4, "percent_covered": 0.0, "percent_covered_display": "0", "missing_lines": 4, "excluded_lines": 0}, "missing_lines": [180, 181, 182, 183], "excluded_lines": []}, "AdvancedExportResponse": {"executed_lines": [], "summary": {"covered_lines": 0, "num_statements": 0, "percent_covered": 100.0, "percent_covered_display": "100", "missing_lines": 0, "excluded_lines": 0}, "missing_lines": [], "excluded_lines": []}, "ProjectCreate": {"executed_lines": [], "summary": {"covered_lines": 0, "num_statements": 0, "percent_covered": 100.0, "percent_covered_display": "100", "missing_lines": 0, "excluded_lines": 0}, "missing_lines": [], "excluded_lines": []}, "ProjectUpdate": {"executed_lines": [], "summary": {"covered_lines": 0, "num_statements": 0, "percent_covered": 100.0, "percent_covered_display": "100", "missing_lines": 0, "excluded_lines": 0}, "missing_lines": [], "excluded_lines": []}, "FileInProject": {"executed_lines": [], "summary": {"covered_lines": 0, "num_statements": 0, "percent_covered": 100.0, "percent_covered_display": "100", "missing_lines": 0, "excluded_lines": 0}, "missing_lines": [], "excluded_lines": []}, "ProjectResponse": {"executed_lines": [], "summary": {"covered_lines": 0, "num_statements": 0, "percent_covered": 100.0, "percent_covered_display": "100", "missing_lines": 0, "excluded_lines": 0}, "missing_lines": [], "excluded_lines": []}, "ProjectListResponse": {"executed_lines": [], "summary": {"covered_lines": 0, "num_statements": 0, "percent_covered": 100.0, "percent_covered_display": "100", "missing_lines": 0, "excluded_lines": 0}, "missing_lines": [], "excluded_lines": []}, "ProjectFileUploadResponse": {"executed_lines": [], "summary": {"covered_lines": 0, "num_statements": 0, "percent_covered": 100.0, "percent_covered_display": "100", "missing_lines": 0, "excluded_lines": 0}, "missing_lines": [], "excluded_lines": []}, "ComparisonRequest": {"executed_lines": [], "summary": {"covered_lines": 0, "num_statements": 0, "percent_covered": 100.0, "percent_covered_display": "100", "missing_lines": 0, "excluded_lines": 0}, "missing_lines": [], "excluded_lines": []}, "OverlayChartData": {"executed_lines": [], "summary": {"covered_lines": 0, "num_statements": 0, "percent_covered": 100.0, "percent_covered_display": "100", "missing_lines": 0, "excluded_lines": 0}, "missing_lines": [], "excluded_lines": []}, "ComparisonResponse": {"executed_lines": [], "summary": {"covered_lines": 0, "num_statements": 0, "percent_covered": 100.0, "percent_covered_display": "100", "missing_lines": 0, "excluded_lines": 0}, "missing_lines": [], "excluded_lines": []}, "RelationshipCreate": {"executed_lines": [], "summary": {"covered_lines": 0, "num_statements": 0, "percent_covered": 100.0, "percent_covered_display": "100", "missing_lines": 0, "excluded_lines": 0}, "missing_lines": [], "excluded_lines": []}, "RelationshipResponse": {"executed_lines": [], "summary": {"covered_lines": 0, "num_statements": 0, "percent_covered": 100.0, "percent_covered_display": "100", "missing_lines": 0, "excluded_lines": 0}, "missing_lines": [], "excluded_lines": []}, "MergeAnalyzeRequest": {"executed_lines": [], "summary": {"covered_lines": 0, "num_statements": 0, "percent_covered": 100.0, "percent_covered_display": "100", "missing_lines": 0, "excluded_lines": 0}, "missing_lines": [], "excluded_lines": []}, "MergeAnalyzeResponse": {"executed_lines": [], "summary": {"covered_lines": 0, "num_statements": 0, "percent_covered": 100.0, "percent_covered_display": "100", "missing_lines": 0, "excluded_lines": 0}, "missing_lines": [], "excluded_lines": []}, "DashboardCreate": {"executed_lines": [], "summary": {"covered_lines": 0, "num_statements": 0, "percent_covered": 100.0, "percent_covered_display": "100", "missing_lines": 0, "excluded_lines": 0}, "missing_lines": [], "excluded_lines": []}, "DashboardUpdate": {"executed_lines": [], "summary": {"covered_lines": 0, "num_statements": 0, "percent_covered": 100.0, "percent_covered_display": "100", "missing_lines": 0, "excluded_lines": 0}, "missing_lines": [], "excluded_lines": []}, "DashboardResponse": {"executed_lines": [], "summary": {"covered_lines": 0, "num_statements": 0, "percent_covered": 100.0, "percent_covered_display": "100", "missing_lines": 0, "excluded_lines": 0}, "missing_lines": [], "excluded_lines": []}, "DashboardListResponse": {"executed_lines": [], "summary": {"covered_lines": 0, "num_statements": 0, "percent_covered": 100.0, "percent_covered_display": "100", "missing_lines": 0, "excluded_lines": 0}, "missing_lines": [], "excluded_lines": []}, "AnalysisHistoryItem": {"executed_lines": [], "summary": {"covered_lines": 0, "num_statements": 0, "percent_covered": 100.0, "percent_covered_display": "100", "missing_lines": 0, "excluded_lines": 0}, "missing_lines": [], "excluded_lines": []}, "AnalysisHistoryResponse": {"executed_lines": [], "summary": {"covered_lines": 0, "num_statements": 0, "percent_covered": 100.0, "percent_covered_display": "100", "missing_lines": 0, "excluded_lines": 0}, "missing_lines": [], "excluded_lines": []}, "FileAnalyzeRequest": {"executed_lines": [], "summary": {"covered_lines": 0, "num_statements": 0, "percent_covered": 100.0, "percent_covered_display": "100", "missing_lines": 0, "excluded_lines": 0}, "missing_lines": [], "excluded_lines": []}, "FileAnalysisResponse": {"executed_lines": [], "summary": {"covered_lines": 0, "num_statements": 0, "percent_covered": 100.0, "percent_covered_display": "100", "missing_lines": 0, "excluded_lines": 0}, "missing_lines": [], "excluded_lines": []}, "": {"executed_lines": [1, 2, 4, 9, 10, 12, 13, 14, 15, 17, 18, 19, 35, 36, 38, 39, 42, 43, 45, 46, 47, 48, 49, 50, 51, 53, 56, 57, 59, 60, 61, 67, 68, 69, 70, 71, 72, 74, 75, 76, 77, 80, 81, 82, 83, 86, 87, 88, 89, 90, 93, 94, 95, 96, 100, 101, 102, 103, 104, 105, 106, 107, 108, 109, 112, 113, 114, 115, 116, 117, 118, 122, 123, 124, 125, 128, 129, 130, 131, 134, 135, 136, 137, 138, 142, 143, 146, 147, 148, 149, 150, 154, 155, 157, 158, 159, 161, 164, 165, 166, 167, 170, 171, 174, 176, 177, 178, 186, 187, 189, 190, 191, 192, 193, 194, 195, 202, 203, 205, 206, 209, 210, 212, 213, 214, 217, 218, 220, 221, 222, 223, 224, 225, 226, 227, 228, 229, 231, 234, 235, 237, 238, 239, 240, 241, 242, 243, 244, 245, 247, 250, 251, 253, 254, 257, 258, 260, 261, 262, 263, 264, 265, 266, 270, 271, 273, 274, 275, 278, 279, 281, 282, 283, 284, 285, 286, 287, 288, 289, 292, 293, 295, 296, 297, 298, 299, 300, 301, 305, 306, 308, 309, 310, 311, 312, 313, 314, 317, 318, 320, 321, 322, 323, 324, 325, 326, 328, 331, 332, 334, 337, 338, 340, 341, 342, 343, 344, 348, 349, 351, 352, 353, 356, 357, 359, 360, 361, 364, 365, 367, 368, 369, 370, 371, 372, 373, 374, 376, 379, 380, 382, 383, 387, 388, 390, 391, 392, 393, 394, 395, 396, 399, 400, 402, 403, 404, 405, 409, 410, 412, 417, 418, 420, 421, 422, 423, 424, 425], "summary": {"covered_lines": 241, "num_statements": 241, "percent_covered": 100.0, "percent_covered_display": "100", "missing_lines": 0, "excluded_lines": 0}, "missing_lines": [], "excluded_lines": []}}}, "app/services/__init__.py": {"executed_lines": [0], "summary": {"covered_lines": 0, "num_statements": 0, "percent_covered": 100.0, "percent_covered_display": "100", "missing_lines": 0, "excluded_lines": 0}, "missing_lines": [], "excluded_lines": [], "functions": {"": {"executed_lines": [], "summary": {"covered_lines": 0, "num_statements": 0, "percent_covered": 100.0, "percent_covered_display": "100", "missing_lines": 0, "excluded_lines": 0}, "missing_lines": [], "excluded_lines": []}}, "classes": {"": {"executed_lines": [], "summary": {"covered_lines": 0, "num_statements": 0, "percent_covered": 100.0, "percent_covered_display": "100", "missing_lines": 0, "excluded_lines": 0}, "missing_lines": [], "excluded_lines": []}}}, "app/services/ai_analysis_service.py": {"executed_lines": [1, 13, 14, 15, 17, 19, 20, 22, 25, 26, 28, 30, 31, 32, 34, 35, 36, 38, 53, 54, 56, 57, 58, 60, 66, 67, 70, 71, 72, 73, 74, 75, 78, 79, 80, 82, 83, 85, 86, 87, 89, 104, 105, 107, 108, 128, 134, 136, 137, 138, 140, 153, 154, 156, 158, 160, 173, 179, 181, 182, 184, 189, 190, 191, 192, 193, 194, 195, 196, 198, 199, 200, 201, 203, 205, 211, 298], "summary": {"covered_lines": 75, "num_statements": 76, "percent_covered": 98.6842105263158, "percent_covered_display": "99", "missing_lines": 1, "excluded_lines": 0}, "missing_lines": [197], "excluded_lines": [], "functions": {"AIAnalysisService.__init__": {"executed_lines": [30, 31, 32, 34, 35, 36], "summary": {"covered_lines": 6, "num_statements": 6, "percent_covered": 100.0, "percent_covered_display": "100", "missing_lines": 0, "excluded_lines": 0}, "missing_lines": [], "excluded_lines": []}, "AIAnalysisService.suggest_charts": {"executed_lines": [53, 54, 56, 57, 58, 60, 66, 67, 70, 71, 72, 73, 74, 75, 78, 79, 80, 82, 83, 85, 86, 87], "summary": {"covered_lines": 22, "num_statements": 22, "percent_covered": 100.0, "percent_covered_display": "100", "missing_lines": 0, "excluded_lines": 0}, "missing_lines": [], "excluded_lines": []}, "AIAnalysisService.generate_comparison_insight": {"executed_lines": [104, 105, 107, 108, 128, 134, 136, 137, 138], "summary": {"covered_lines": 9, "num_statements": 9, "percent_covered": 100.0, "percent_covered_display": "100", "missing_lines": 0, "excluded_lines": 0}, "missing_lines": [], "excluded_lines": []}, "AIAnalysisService.generate_chart_comparison_insight": {"executed_lines": [153, 154, 156, 158, 160, 173, 179, 181, 182], "summary": {"covered_lines": 9, "num_statements": 9, "percent_covered": 100.0, "percent_covered_display": "100", "missing_lines": 0, "excluded_lines": 0}, "missing_lines": [], "excluded_lines": []}, "AIAnalysisService._build_chart_suggestion_prompt": {"executed_lines": [189, 190, 191, 192, 193, 194, 195, 196, 198, 199, 200, 201, 203, 205, 211, 298], "summary": {"covered_lines": 16, "num_statements": 17, "percent_covered": 94.11764705882354, "percent_covered_display": "94", "missing_lines": 1, "excluded_lines": 0}, "missing_lines": [197], "excluded_lines": []}, "": {"executed_lines": [1, 13, 14, 15, 17, 19, 20, 22, 25, 26, 28, 38, 89, 140, 184], "summary": {"covered_lines": 13, "num_statements": 13, "percent_covered": 100.0, "percent_covered_display": "100", "missing_lines": 0, "excluded_lines": 0}, "missing_lines": [], "excluded_lines": []}}, "classes": {"AIAnalysisService": {"executed_lines": [30, 31, 32, 34, 35, 36, 53, 54, 56, 57, 58, 60, 66, 67, 70, 71, 72, 73, 74, 75, 78, 79, 80, 82, 83, 85, 86, 87, 104, 105, 107, 108, 128, 134, 136, 137, 138, 153, 154, 156, 158, 160, 173, 179, 181, 182, 189, 190, 191, 192, 193, 194, 195, 196, 198, 199, 200, 201, 203, 205, 211, 298], "summary": {"covered_lines": 62, "num_statements": 63, "percent_covered": 98.41269841269842, "percent_covered_display": "98", "missing_lines": 1, "excluded_lines": 0}, "missing_lines": [197], "excluded_lines": []}, "": {"executed_lines": [1, 13, 14, 15, 17, 19, 20, 22, 25, 26, 28, 38, 89, 140, 184], "summary": {"covered_lines": 13, "num_statements": 13, "percent_covered": 100.0, "percent_covered_display": "100", "missing_lines": 0, "excluded_lines": 0}, "missing_lines": [], "excluded_lines": []}}}, "app/services/ai_conversation_service.py": {"executed_lines": [1, 13, 14, 15, 16, 17, 19, 21, 22, 24, 28, 31, 32, 34, 36, 37, 38, 40, 41, 42, 44, 66, 67, 70, 71, 73, 74, 77, 79, 80, 86, 89, 92, 93, 95, 97, 98, 99, 101, 106, 107, 108, 109, 110, 111, 116, 119, 120, 121, 122, 123, 126, 127, 129, 130, 152, 167, 169, 171, 174, 175, 176, 177, 179, 181, 185, 186, 187, 188, 189, 191, 195, 196, 197, 198, 200, 203, 208, 212, 219, 220, 222, 224, 225, 228, 230, 231, 232, 233, 234, 235, 236, 237, 238, 239, 241, 242, 245, 246, 248, 249, 251, 253, 255, 256, 257, 258, 260, 261, 264], "summary": {"covered_lines": 108, "num_statements": 113, "percent_covered": 95.57522123893806, "percent_covered_display": "96", "missing_lines": 5, "excluded_lines": 0}, "missing_lines": [112, 113, 114, 115, 172], "excluded_lines": [], "functions": {"AIConversationService.__init__": {"executed_lines": [36, 37, 38, 40, 41, 42], "summary": {"covered_lines": 6, "num_statements": 6, "percent_covered": 100.0, "percent_covered_display": "100", "missing_lines": 0, "excluded_lines": 0}, "missing_lines": [], "excluded_lines": []}, "AIConversationService.generate_query_response": {"executed_lines": [66, 67, 70, 71, 73, 74, 77, 79, 80, 86, 89, 92, 93, 95, 97, 98, 99], "summary": {"covered_lines": 17, "num_statements": 17, "percent_covered": 100.0, "percent_covered_display": "100", "missing_lines": 0, "excluded_lines": 0}, "missing_lines": [], "excluded_lines": []}, "AIConversationService._build_query_prompt": {"executed_lines": [106, 107, 108, 109, 110, 111, 116, 119, 120, 121, 122, 123, 126, 127, 129, 130, 152, 167], "summary": {"covered_lines": 18, "num_statements": 22, "percent_covered": 81.81818181818181, "percent_covered_display": "82", "missing_lines": 4, "excluded_lines": 0}, "missing_lines": [112, 113, 114, 115], "excluded_lines": []}, "AIConversationService._format_sample_data": {"executed_lines": [171, 174, 175, 176, 177, 179], "summary": {"covered_lines": 6, "num_statements": 7, "percent_covered": 85.71428571428571, "percent_covered_display": "86", "missing_lines": 1, "excluded_lines": 0}, "missing_lines": [172], "excluded_lines": []}, "AIConversationService._get_conversation": {"executed_lines": [185, 186, 187, 188, 189], "summary": {"covered_lines": 5, "num_statements": 5, "percent_covered": 100.0, "percent_covered_display": "100", "missing_lines": 0, "excluded_lines": 0}, "missing_lines": [], "excluded_lines": []}, "AIConversationService._store_conversation": {"executed_lines": [195, 196, 197, 198, 200, 203, 208], "summary": {"covered_lines": 7, "num_statements": 7, "percent_covered": 100.0, "percent_covered_display": "100", "missing_lines": 0, "excluded_lines": 0}, "missing_lines": [], "excluded_lines": []}, "AIConversationService._parse_chart_request": {"executed_lines": [219, 220, 222, 224, 225, 228, 230, 231, 232, 233, 234, 235, 236, 237, 238, 239, 241, 242, 245, 246, 248, 249, 251], "summary": {"covered_lines": 23, "num_statements": 23, "percent_covered": 100.0, "percent_covered_display": "100", "missing_lines": 0, "excluded_lines": 0}, "missing_lines": [], "excluded_lines": []}, "AIConversationService._extract_clean_answer": {"executed_lines": [255, 256, 257, 258], "summary": {"covered_lines": 4, "num_statements": 4, "percent_covered": 100.0, "percent_covered_display": "100", "missing_lines": 0, "excluded_lines": 0}, "missing_lines": [], "excluded_lines": []}, "AIConversationService.clear_conversations": {"executed_lines": [264], "summary": {"covered_lines": 1, "num_statements": 1, "percent_covered": 100.0, "percent_covered_display": "100", "missing_lines": 0, "excluded_lines": 0}, "missing_lines": [], "excluded_lines": []}, "": {"executed_lines": [1, 13, 14, 15, 16, 17, 19, 21, 22, 24, 28, 31, 32, 34, 44, 101, 169, 181, 191, 212, 253, 260, 261], "summary": {"covered_lines": 21, "num_statements": 21, "percent_covered": 100.0, "percent_covered_display": "100", "missing_lines": 0, "excluded_lines": 0}, "missing_lines": [], "excluded_lines": []}}, "classes": {"AIConversationService": {"executed_lines": [36, 37, 38, 40, 41, 42, 66, 67, 70, 71, 73, 74, 77, 79, 80, 86, 89, 92, 93, 95, 97, 98, 99, 106, 107, 108, 109, 110, 111, 116, 119, 120, 121, 122, 123, 126, 127, 129, 130, 152, 167, 171, 174, 175, 176, 177, 179, 185, 186, 187, 188, 189, 195, 196, 197, 198, 200, 203, 208, 219, 220, 222, 224, 225, 228, 230, 231, 232, 233, 234, 235, 236, 237, 238, 239, 241, 242, 245, 246, 248, 249, 251, 255, 256, 257, 258, 264], "summary": {"covered_lines": 87, "num_statements": 92, "percent_covered": 94.56521739130434, "percent_covered_display": "95", "missing_lines": 5, "excluded_lines": 0}, "missing_lines": [112, 113, 114, 115, 172], "excluded_lines": []}, "": {"executed_lines": [1, 13, 14, 15, 16, 17, 19, 21, 22, 24, 28, 31, 32, 34, 44, 101, 169, 181, 191, 212, 253, 260, 261], "summary": {"covered_lines": 21, "num_statements": 21, "percent_covered": 100.0, "percent_covered_display": "100", "missing_lines": 0, "excluded_lines": 0}, "missing_lines": [], "excluded_lines": []}}}, "app/services/ai_insight_service.py": {"executed_lines": [1, 13, 14, 16, 18, 19, 20, 22, 25, 26, 28, 35, 36, 37, 39, 40, 41, 43, 45, 56, 57, 60, 61, 62, 63, 64, 65, 66, 68, 69, 71, 77, 80, 81, 83, 85, 86, 87, 89, 102, 103, 106, 107, 108, 109, 110, 111, 112, 114, 115, 117, 123, 126, 129, 131, 132, 133, 135, 138, 140, 155, 157, 159, 161, 162, 163, 164, 169, 171, 172, 174, 175, 176, 177, 178, 179, 181, 183, 185, 186, 187, 188, 190, 191, 192, 193, 197, 199, 201, 204, 205, 206, 207, 210, 211, 212, 213, 214, 215, 216, 219, 220, 221, 222, 226, 228, 230, 233, 234, 235, 238, 239, 240, 243, 246, 248, 250, 252, 254, 260, 279], "summary": {"covered_lines": 119, "num_statements": 124, "percent_covered": 95.96774193548387, "percent_covered_display": "96", "missing_lines": 5, "excluded_lines": 0}, "missing_lines": [127, 160, 165, 166, 167], "excluded_lines": [], "functions": {"AIInsightService.__init__": {"executed_lines": [35, 36, 37, 39, 40, 41, 43], "summary": {"covered_lines": 7, "num_statements": 7, "percent_covered": 100.0, "percent_covered_display": "100", "missing_lines": 0, "excluded_lines": 0}, "missing_lines": [], "excluded_lines": []}, "AIInsightService.generate_chart_insight": {"executed_lines": [56, 57, 60, 61, 62, 63, 64, 65, 66, 68, 69, 71, 77, 80, 81, 83, 85, 86, 87], "summary": {"covered_lines": 19, "num_statements": 19, "percent_covered": 100.0, "percent_covered_display": "100", "missing_lines": 0, "excluded_lines": 0}, "missing_lines": [], "excluded_lines": []}, "AIInsightService.generate_global_summary": {"executed_lines": [102, 103, 106, 107, 108, 109, 110, 111, 112, 114, 115, 117, 123, 126, 129, 131, 132, 133], "summary": {"covered_lines": 18, "num_statements": 19, "percent_covered": 94.73684210526316, "percent_covered_display": "95", "missing_lines": 1, "excluded_lines": 0}, "missing_lines": [127], "excluded_lines": []}, "AIInsightService._build_chart_prompt": {"executed_lines": [138, 140, 155], "summary": {"covered_lines": 3, "num_statements": 3, "percent_covered": 100.0, "percent_covered_display": "100", "missing_lines": 0, "excluded_lines": 0}, "missing_lines": [], "excluded_lines": []}, "AIInsightService._format_chart_data": {"executed_lines": [159, 161, 162, 163, 164], "summary": {"covered_lines": 5, "num_statements": 9, "percent_covered": 55.55555555555556, "percent_covered_display": "56", "missing_lines": 4, "excluded_lines": 0}, "missing_lines": [160, 165, 166, 167], "excluded_lines": []}, "AIInsightService._format_pie_data": {"executed_lines": [171, 172, 174, 175, 176, 177, 178, 179, 181], "summary": {"covered_lines": 9, "num_statements": 9, "percent_covered": 100.0, "percent_covered_display": "100", "missing_lines": 0, "excluded_lines": 0}, "missing_lines": []
[...]
", "missing_lines": 0, "excluded_lines": 0}, "missing_lines": [], "excluded_lines": []}, "": {"executed_lines": [1, 7, 8, 9, 11, 13, 16, 17, 19, 38, 73, 129, 171, 207, 245], "summary": {"covered_lines": 13, "num_statements": 13, "percent_covered": 100.0, "percent_covered_display": "100", "missing_lines": 0, "excluded_lines": 0}, "missing_lines": [], "excluded_lines": []}}, "classes": {"ComparisonService": {"executed_lines": [29, 31, 32, 33, 34, 36, 51, 53, 54, 55, 57, 59, 62, 64, 67, 69, 71, 94, 95, 98, 99, 100, 101, 104, 105, 108, 109, 110, 111, 112, 113, 116, 117, 120, 121, 124, 125, 127, 139, 141, 142, 143, 144, 145, 148, 149, 150, 151, 152, 154, 155, 157, 181, 183, 184, 187, 188, 190, 193, 217, 219, 220, 221, 224, 225, 226, 228, 231, 256, 258, 269, 270, 271, 272, 273, 275, 292], "summary": {"covered_lines": 77, "num_statements": 85, "percent_covered": 90.58823529411765, "percent_covered_display": "91", "missing_lines": 8, "excluded_lines": 0}, "missing_lines": [168, 169, 191, 204, 205, 229, 242, 243], "excluded_lines": []}, "": {"executed_lines": [1, 7, 8, 9, 11, 13, 16, 17, 19, 38, 73, 129, 171, 207, 245], "summary": {"covered_lines": 13, "num_statements": 13, "percent_covered": 100.0, "percent_covered_display": "100", "missing_lines": 0, "excluded_lines": 0}, "missing_lines": [], "excluded_lines": []}}}, "app/services/data_processor.py": {"executed_lines": [1, 3, 4, 6, 9, 10, 11, 13, 15, 16, 19, 20, 23, 25, 27, 28, 35, 42, 43, 45, 47, 48, 51, 52, 54, 55, 58, 59, 62, 63, 64, 66, 68, 69, 72, 73, 77, 78, 79, 80, 82, 85, 86, 87, 89, 90, 93, 94, 97, 99, 100, 103, 104, 107, 108, 109, 111, 113, 114, 116, 118, 119, 120, 123, 127, 136, 137, 138, 139, 140, 142, 145, 147], "summary": {"covered_lines": 73, "num_statements": 76, "percent_covered": 96.05263157894737, "percent_covered_display": "96", "missing_lines": 3, "excluded_lines": 0}, "missing_lines": [36, 38, 88], "excluded_lines": [], "functions": {"DataProcessor.parse_file": {"executed_lines": [13, 15, 16, 19, 20, 23, 25, 27, 28, 35, 42, 43, 45], "summary": {"covered_lines": 13, "num_statements": 15, "percent_covered": 86.66666666666667, "percent_covered_display": "87", "missing_lines": 2, "excluded_lines": 0}, "missing_lines": [36, 38], "excluded_lines": []}, "DataProcessor.validate_dataframe": {"executed_lines": [51, 52, 54, 55, 58, 59, 62, 63, 64, 66], "summary": {"covered_lines": 10, "num_statements": 10, "percent_covered": 100.0, "percent_covered_display": "100", "missing_lines": 0, "excluded_lines": 0}, "missing_lines": [], "excluded_lines": []}, "DataProcessor.detect_column_type": {"executed_lines": [72, 73, 77, 78, 79, 80, 82, 85, 86, 87, 89, 90, 93, 94, 97], "summary": {"covered_lines": 15, "num_statements": 16, "percent_covered": 93.75, "percent_covered_display": "94", "missing_lines": 1, "excluded_lines": 0}, "missing_lines": [88], "excluded_lines": []}, "DataProcessor._sanitize_value": {"executed_lines": [103, 104, 107, 108, 109, 111], "summary": {"covered_lines": 6, "num_statements": 6, "percent_covered": 100.0, "percent_covered_display": "100", "missing_lines": 0, "excluded_lines": 0}, "missing_lines": [], "excluded_lines": []}, "DataProcessor.analyze_schema": {"executed_lines": [116, 118, 119, 120, 123, 127, 136, 137, 138, 139, 140, 142, 145, 147], "summary": {"covered_lines": 14, "num_statements": 14, "percent_covered": 100.0, "percent_covered_display": "100", "missing_lines": 0, "excluded_lines": 0}, "missing_lines": [], "excluded_lines": []}, "": {"executed_lines": [1, 3, 4, 6, 9, 10, 11, 47, 48, 68, 69, 99, 100, 113, 114], "summary": {"covered_lines": 15, "num_statements": 15, "percent_covered": 100.0, "percent_covered_display": "100", "missing_lines": 0, "excluded_lines": 0}, "missing_lines": [], "excluded_lines": []}}, "classes": {"DataProcessor": {"executed_lines": [13, 15, 16, 19, 20, 23, 25, 27, 28, 35, 42, 43, 45, 51, 52, 54, 55, 58, 59, 62, 63, 64, 66, 72, 73, 77, 78, 79, 80, 82, 85, 86, 87, 89, 90, 93, 94, 97, 103, 104, 107, 108, 109, 111, 116, 118, 119, 120, 123, 127, 136, 137, 138, 139, 140, 142, 145, 147], "summary": {"covered_lines": 58, "num_statements": 61, "percent_covered": 95.08196721311475, "percent_covered_display": "95", "missing_lines": 3, "excluded_lines": 0}, "missing_lines": [36, 38, 88], "excluded_lines": []}, "": {"executed_lines": [1, 3, 4, 6, 9, 10, 11, 47, 48, 68, 69, 99, 100, 113, 114], "summary": {"covered_lines": 15, "num_statements": 15, "percent_covered": 100.0, "percent_covered_display": "100", "missing_lines": 0, "excluded_lines": 0}, "missing_lines": [], "excluded_lines": []}}}, "app/services/export_service.py": {"executed_lines": [1, 5, 6, 7, 8, 9, 11, 12, 13, 14, 15, 16, 17, 19, 21, 24, 25, 27, 28, 29, 31, 43, 44, 47, 57, 58, 61, 62, 63, 69, 72, 73, 74, 75, 78, 79, 85, 88, 89, 90, 99, 100, 116, 117, 120, 121, 123, 124, 127, 128, 131, 132, 133, 135, 136, 151, 152, 155, 156, 157, 159, 161, 162, 168, 171, 172, 175, 176, 177, 180, 182, 185, 186, 189, 192, 194, 196, 198, 200, 201, 202, 203, 204, 205, 206, 207, 208, 209, 210, 214, 216, 219, 232, 244, 256, 268, 273, 283, 297, 307, 309, 311, 313, 315, 317, 318, 320, 321, 322, 323, 324, 325, 326, 327], "summary": {"covered_lines": 112, "num_statements": 113, "percent_covered": 99.11504424778761, "percent_covered_display": "99", "missing_lines": 1, "excluded_lines": 0}, "missing_lines": [212], "excluded_lines": [], "functions": {"ExportService.__init__": {"executed_lines": [28, 29], "summary": {"covered_lines": 2, "num_statements": 2, "percent_covered": 100.0, "percent_covered_display": "100", "missing_lines": 0, "excluded_lines": 0}, "missing_lines": [], "excluded_lines": []}, "ExportService.generate_pdf": {"executed_lines": [43, 44, 47, 57, 58, 61, 62, 63, 69, 72, 73, 74, 75, 78, 79, 85, 88, 89, 90, 99, 100, 116, 117, 120, 121, 123, 124, 127, 128, 131, 132, 133, 135, 136, 151, 152, 155, 156, 157, 159, 161, 162, 168, 171, 172, 175, 176, 177, 180, 182, 185, 186, 189, 192, 194], "summary": {"covered_lines": 55, "num_statements": 55, "percent_covered": 100.0, "percent_covered_display": "100", "missing_lines": 0, "excluded_lines": 0}, "missing_lines": [], "excluded_lines": []}, "ExportService._format_chart_data_summary": {"executed_lines": [198, 200, 201, 202, 203, 204, 205, 206, 207, 208, 209, 210], "summary": {"covered_lines": 12, "num_statements": 13, "percent_covered": 92.3076923076923, "percent_covered_display": "92", "missing_lines": 1, "excluded_lines": 0}, "missing_lines": [212], "excluded_lines": []}, "ExportService._get_styles": {"executed_lines": [216, 219, 232, 244, 256, 268, 273, 283, 297, 307], "summary": {"covered_lines": 10, "num_statements": 10, "percent_covered": 100.0, "percent_covered_display": "100", "missing_lines": 0, "excluded_lines": 0}, "missing_lines": [], "excluded_lines": []}, "ExportService.get_export_path": {"executed_lines": [311], "summary": {"covered_lines": 1, "num_statements": 1, "percent_covered": 100.0, "percent_covered_display": "100", "missing_lines": 0, "excluded_lines": 0}, "missing_lines": [], "excluded_lines": []}, "ExportService.cleanup_old_exports": {"executed_lines": [315, 317, 318, 320, 321, 322, 323, 324, 325, 326, 327], "summary": {"covered_lines": 11, "num_statements": 11, "percent_covered": 100.0, "percent_covered_display": "100", "missing_lines": 0, "excluded_lines": 0}, "missing_lines": [], "excluded_lines": []}, "": {"executed_lines": [1, 5, 6, 7, 8, 9, 11, 12, 13, 14, 15, 16, 17, 19, 21, 24, 25, 27, 31, 196, 214, 309, 313], "summary": {"covered_lines": 21, "num_statements": 21, "percent_covered": 100.0, "percent_covered_display": "100", "missing_lines": 0, "excluded_lines": 0}, "missing_lines": [], "excluded_lines": []}}, "classes": {"ExportService": {"executed_lines": [28, 29, 43, 44, 47, 57, 58, 61, 62, 63, 69, 72, 73, 74, 75, 78, 79, 85, 88, 89, 90, 99, 100, 116, 117, 120, 121, 123, 124, 127, 128, 131, 132, 133, 135, 136, 151, 152, 155, 156, 157, 159, 161, 162, 168, 171, 172, 175, 176, 177, 180, 182, 185, 186, 189, 192, 194, 198, 200, 201, 202, 203, 204, 205, 206, 207, 208, 209, 210, 216, 219, 232, 244, 256, 268, 273, 283, 297, 307, 311, 315, 317, 318, 320, 321, 322, 323, 324, 325, 326, 327], "summary": {"covered_lines": 91, "num_statements": 92, "percent_covered": 98.91304347826087, "percent_covered_display": "99", "missing_lines": 1, "excluded_lines": 0}, "missing_lines": [212], "excluded_lines": []}, "": {"executed_lines": [1, 5, 6, 7, 8, 9, 11, 12, 13, 14, 15, 16, 17, 19, 21, 24, 25, 27, 31, 196, 214, 309, 313], "summary": {"covered_lines": 21, "num_statements": 21, "percent_covered": 100.0, "percent_covered_display": "100", "missing_lines": 0, "excluded_lines": 0}, "missing_lines": [], "excluded_lines": []}}}, "app/services/merge_service.py": {"executed_lines": [1, 6, 7, 9, 11, 12, 15, 16, 18, 19, 21, 31, 33, 34, 35, 36, 38, 40, 69, 70, 71, 72, 75, 76, 85, 86, 89, 91, 93, 94, 96, 106, 108, 109, 112, 113, 114, 115, 116, 117, 118, 120, 131, 132, 133, 135, 143, 144, 145, 147, 155, 158, 160, 162, 177, 184, 185, 186, 187, 189, 190, 191, 192, 195, 196, 198, 199, 205, 206, 208, 209, 211, 212, 218, 221, 225], "summary": {"covered_lines": 74, "num_statements": 74, "percent_covered": 100.0, "percent_covered_display": "100", "missing_lines": 0, "excluded_lines": 0}, "missing_lines": [], "excluded_lines": [], "functions": {"MergeService.__init__": {"executed_lines": [19], "summary": {"covered_lines": 1, "num_statements": 1, "percent_covered": 100.0, "percent_covered_display": "100", "missing_lines": 0, "excluded_lines": 0}, "missing_lines": [], "excluded_lines": []}, "MergeService.load_file": {"executed_lines": [31, 33, 34, 35, 36, 38], "summary": {"covered_lines": 6, "num_statements": 6, "percent_covered": 100.0, "percent_covered_display": "100", "missing_lines": 0, "excluded_lines": 0}, "missing_lines": [], "excluded_lines": []}, "MergeService.merge_files": {"executed_lines": [69, 70, 71, 72, 75, 76, 85, 86, 89, 91, 93, 94], "summary": {"covered_lines": 12, "num_statements": 12, "percent_covered": 100.0, "percent_covered_display": "100", "missing_lines": 0, "excluded_lines": 0}, "missing_lines": [], "excluded_lines": []}, "MergeService._generate_merged_schema": {"executed_lines": [106, 108, 109, 112, 113, 114, 115, 116, 117, 118, 120, 131, 132, 133, 135, 143, 144, 145, 147, 155, 158, 160], "summary": {"covered_lines": 22, "num_statements": 22, "percent_covered": 100.0, "percent_covered_display": "100", "missing_lines": 0, "excluded_lines": 0}, "missing_lines": [], "excluded_lines": []}, "MergeService.validate_merge_compatibility": {"executed_lines": [177, 184, 185, 186, 187, 189, 190, 191, 192, 195, 196, 198, 199, 205, 206, 208, 209, 211, 212, 218, 221, 225], "summary": {"covered_lines": 22, "num_statements": 22, "percent_covered": 100.0, "percent_covered_display": "100", "missing_lines": 0, "excluded_lines": 0}, "missing_lines": [], "excluded_lines": []}, "": {"executed_lines": [1, 6, 7, 9, 11, 12, 15, 16, 18, 21, 40, 96, 162], "summary": {"covered_lines": 11, "num_statements": 11, "percent_covered": 100.0, "percent_covered_display": "100", "missing_lines": 0, "excluded_lines": 0}, "missing_lines": [], "excluded_lines": []}}, "classes": {"MergeService": {"executed_lines": [19, 31, 33, 34, 35, 36, 38, 69, 70, 71, 72, 75, 76, 85, 86, 89, 91, 93, 94, 106, 108, 109, 112, 113, 114, 115, 116, 117, 118, 120, 131, 132, 133, 135, 143, 144, 145, 147, 155, 158, 160, 177, 184, 185, 186, 187, 189, 190, 191, 192, 195, 196, 198, 199, 205, 206, 208, 209, 211, 212, 218, 221, 225], "summary": {"covered_lines": 63, "num_statements": 63, "percent_covered": 100.0, "percent_covered_display": "100", "missing_lines": 0, "excluded_lines": 0}, "missing_lines": [], "excluded_lines": []}, "": {"executed_lines": [1, 6, 7, 9, 11, 12, 15, 16, 18, 21, 40, 96, 162], "summary": {"covered_lines": 11, "num_statements": 11, "percent_covered": 100.0, "percent_covered_display": "100", "missing_lines": 0, "excluded_lines": 0}, "missing_lines": [], "excluded_lines": []}}}, "app/services/project_service.py": {"executed_lines": [1, 3, 4, 6, 8, 9, 11, 14, 15, 17, 24, 26, 42, 43, 46, 50, 51, 52, 54, 59, 61, 75, 81, 82, 84, 86, 97, 99, 100, 102, 104, 109, 111, 137, 140, 141, 142, 143, 146, 147, 150, 154, 155, 157, 162, 164, 176, 179, 180, 182, 187, 201, 202, 204, 205, 207, 212, 214, 228, 229, 231, 232, 234, 239], "summary": {"covered_lines": 62, "num_statements": 64, "percent_covered": 96.875, "percent_covered_display": "97", "missing_lines": 2, "excluded_lines": 0}, "missing_lines": [151, 152], "excluded_lines": [], "functions": {"ProjectService.__init__": {"executed_lines": [24], "summary": {"covered_lines": 1, "num_statements": 1, "percent_covered": 100.0, "percent_covered_display": "100", "missing_lines": 0, "excluded_lines": 0}, "missing_lines": [], "excluded_lines": []}, "ProjectService.create_project": {"executed_lines": [42, 43, 46, 50, 51, 52, 54, 59], "summary": {"covered_lines": 8, "num_statements": 8, "percent_covered": 100.0, "percent_covered_display": "100", "missing_lines": 0, "excluded_lines": 0}, "missing_lines": [], "excluded_lines": []}, "ProjectService.get_project": {"executed_lines": [75, 81, 82, 84], "summary": {"covered_lines": 4, "num_statements": 4, "percent_covered": 100.0, "percent_covered_display": "100", "missing_lines": 0, "excluded_lines": 0}, "missing_lines": [], "excluded_lines": []}, "ProjectService.list_user_projects": {"executed_lines": [97, 99, 100, 102, 104, 109], "summary": {"covered_lines": 6, "num_statements": 6, "percent_covered": 100.0, "percent_covered_display": "100", "missing_lines": 0, "excluded_lines": 0}, "missing_lines": [], "excluded_lines": []}, "ProjectService.update_project": {"executed_lines": [137, 140, 141, 142, 143, 146, 147, 150, 154, 155, 157, 162], "summary": {"covered_lines": 12, "num_statements": 14, "percent_covered": 85.71428571428571, "percent_covered_display": "86", "missing_lines": 2, "excluded_lines": 0}, "missing_lines": [151, 152], "excluded_lines": []}, "ProjectService.delete_project": {"executed_lines": [176, 179, 180, 182], "summary": {"covered_lines": 4, "num_statements": 4, "percent_covered": 100.0, "percent_covered_display": "100", "missing_lines": 0, "excluded_lines": 0}, "missing_lines": [], "excluded_lines": []}, "ProjectService.archive_project": {"executed_lines": [201, 202, 204, 205, 207, 212], "summary": {"covered_lines": 6, "num_statements": 6, "percent_covered": 100.0, "percent_covered_display": "100", "missing_lines": 0, "excluded_lines": 0}, "missing_lines": [], "excluded_lines": []}, "ProjectService.unarchive_project": {"executed_lines": [228, 229, 231, 232, 234, 239], "summary": {"covered_lines": 6, "num_statements": 6, "percent_covered": 100.0, "percent_covered_display": "100", "missing_lines": 0, "excluded_lines": 0}, "missing_lines": [], "excluded_lines": []}, "": {"executed_lines": [1, 3, 4, 6, 8, 9, 11, 14, 15, 17, 26, 61, 86, 111, 164, 187, 214], "summary": {"covered_lines": 15, "num_statements": 15, "percent_covered": 100.0, "percent_covered_display": "100", "missing_lines": 0, "excluded_lines": 0}, "missing_lines": [], "excluded_lines": []}}, "classes": {"ProjectService": {"executed_lines": [24, 42, 43, 46, 50, 51, 52, 54, 59, 75, 81, 82, 84, 97, 99, 100, 102, 104, 109, 137, 140, 141, 142, 143, 146, 147, 150, 154, 155, 157, 162, 176, 179, 180, 182, 201, 202, 204, 205, 207, 212, 228, 229, 231, 232, 234, 239], "summary": {"covered_lines": 47, "num_statements": 49, "percent_covered": 95.91836734693878, "percent_covered_display": "96", "missing_lines": 2, "excluded_lines": 0}, "missing_lines": [151, 152], "excluded_lines": []}, "": {"executed_lines": [1, 3, 4, 6, 8, 9, 11, 14, 15, 17, 26, 61, 86, 111, 164, 187, 214], "summary": {"covered_lines": 15, "num_statements": 15, "percent_covered": 100.0, "percent_covered_display": "100", "missing_lines": 0, "excluded_lines": 0}, "missing_lines": [], "excluded_lines": []}}}, "app/services/upload_service.py": {"executed_lines": [1, 3, 4, 5, 6, 7, 9, 10, 12, 13, 14, 16, 19, 20, 22, 24, 26, 42, 43, 44, 47, 50, 58, 59, 60, 62, 66, 68, 86, 88, 89, 92, 95, 96, 98, 106, 112, 113, 115], "summary": {"covered_lines": 37, "num_statements": 37, "percent_covered": 100.0, "percent_covered_display": "100", "missing_lines": 0, "excluded_lines": 0}, "missing_lines": [], "excluded_lines": [], "functions": {"UploadService.__init__": {"executed_lines": [24], "summary": {"covered_lines": 1, "num_statements": 1, "percent_covered": 100.0, "percent_covered_display": "100", "missing_lines": 0, "excluded_lines": 0}, "missing_lines": [], "excluded_lines": []}, "UploadService.store_upload": {"executed_lines": [42, 43, 44, 47, 50, 58, 59, 60, 62, 66], "summary": {"covered_lines": 10, "num_statements": 10, "percent_covered": 100.0, "percent_covered_display": "100", "missing_lines": 0, "excluded_lines": 0}, "missing_lines": [], "excluded_lines": []}, "UploadService.get_upload": {"executed_lines": [86, 88, 89, 92, 95, 96, 98], "summary": {"covered_lines": 7, "num_statements": 7, "percent_covered": 100.0, "percent_covered_display": "100", "missing_lines": 0, "excluded_lines": 0}, "missing_lines": [], "excluded_lines": []}, "UploadService.clear_storage": {"executed_lines": [112, 113, 115], "summary": {"covered_lines": 3, "num_statements": 3, "percent_covered": 100.0, "percent_covered_display": "100", "missing_lines": 0, "excluded_lines": 0}, "missing_lines": [], "excluded_lines": []}, "": {"executed_lines": [1, 3, 4, 5, 6, 7, 9, 10, 12, 13, 14, 16, 19, 20, 22, 26, 68, 106], "summary": {"covered_lines": 16, "num_statements": 16, "percent_covered": 100.0, "percent_covered_display": "100", "missing_lines": 0, "excluded_lines": 0}, "missing_lines": [], "excluded_lines": []}}, "classes": {"UploadService": {"executed_lines": [24, 42, 43, 44, 47, 50, 58, 59, 60, 62, 66, 86, 88, 89, 92, 95, 96, 98, 112, 113, 115], "summary": {"covered_lines": 21, "num_statements": 21, "percent_covered": 100.0, "percent_covered_display": "100", "missing_lines": 0, "excluded_lines": 0}, "missing_lines": [], "excluded_lines": []}, "": {"executed_lines": [1, 3, 4, 5, 6, 7, 9, 10, 12, 13, 14, 16, 19, 20, 22, 26, 68, 106], "summary": {"covered_lines": 16, "num_statements": 16, "percent_covered": 100.0, "percent_covered_display": "100", "missing_lines": 0, "excluded_lines": 0}, "missing_lines": [], "excluded_lines": []}}}, "app/storage.py": {"executed_lines": [], "summary": {"covered_lines": 0, "num_statements": 11, "percent_covered": 0.0, "percent_covered_display": "0", "missing_lines": 11, "excluded_lines": 0}, "missing_lines": [8, 9, 11, 13, 16, 19, 21, 30, 32, 35, 38], "excluded_lines": [], "functions": {"store_upload": {"executed_lines": [], "summary": {"covered_lines": 0, "num_statements": 1, "percent_covered": 0.0, "percent_covered_display": "0", "missing_lines": 1, "excluded_lines": 0}, "missing_lines": [21], "excluded_lines": []}, "get_upload": {"executed_lines": [], "summary": {"covered_lines": 0, "num_statements": 1, "percent_covered": 0.0, "percent_covered_display": "0", "missing_lines": 1, "excluded_lines": 0}, "missing_lines": [32], "excluded_lines": []}, "clear_storage": {"executed_lines": [], "summary": {"covered_lines": 0, "num_statements": 1, "percent_covered": 0.0, "percent_covered_display": "0", "missing_lines": 1, "excluded_lines": 0}, "missing_lines": [38], "excluded_lines": []}, "": {"executed_lines": [], "summary": {"covered_lines": 0, "num_statements": 8, "percent_covered": 0.0, "percent_covered_display": "0", "missing_lines": 8, "excluded_lines": 0}, "missing_lines": [8, 9, 11, 13, 16, 19, 30, 35], "excluded_lines": []}}, "classes": {"": {"executed_lines": [], "summary": {"covered_lines": 0, "num_statements": 11, "percent_covered": 0.0, "percent_covered_display": "0", "missing_lines": 11, "excluded_lines": 0}, "missing_lines": [8, 9, 11, 13, 16, 19, 21, 30, 32, 35, 38], "excluded_lines": []}}}}, "totals": {"covered_lines": 1742, "num_statements": 2541, "percent_covered": 68.55568673750491, "percent_covered_display": "69", "missing_lines": 799, "excluded_lines": 17}}